#
# A fatal error has been detected by the Java Runtime Environment:
#
#  EXCEPTION_ACCESS_VIOLATION (0xc0000005) at pc=0x000000007227bc57, pid=73844, tid=73672
#
# JRE version: Java(TM) SE Runtime Environment (9.0+11) (build 9.0.1+11)
# Java VM: Java HotSpot(TM) 64-Bit Server VM (9.0.1+11, mixed mode, tiered, compressed oops, g1 gc, windows-amd64)
# Problematic frame:
# V  [jvm.dll+0x35bc57]
#
# No core dump will be written. Minidumps are not enabled by default on client versions of Windows
#
# If you would like to submit a bug report, please visit:
#   http://bugreport.java.com/bugreport/crash.jsp
# The crash happened outside the Java Virtual Machine in native code.
# See problematic frame for where to report the bug.
#

---------------  S U M M A R Y ------------

Command Line: -ea -Didea.test.cyclic.buffer.size=1048576 -javaagent:C:\Program Files\JetBrains\IntelliJ IDEA 2023.1\lib\idea_rt.jar=35165:C:\Program Files\JetBrains\IntelliJ IDEA 2023.1\bin -agentpath:C:\Users\86138\AppData\Local\Temp\libasyncProfiler.dll=start,jfr,event=cpu,interval=10ms,jfrsync=profile,cstack=no,file=C:\Users\86138\IdeaSnapshots\projet_individuelWand_2023_03_31_142240.jfr,log=C:\Users\86138\AppData\Local\Temp\projet_individuelWand_2023_03_31_142240.jfr.log.txt,logLevel=DEBUG -Dfile.encoding=UTF-8 com.intellij.rt.junit.JUnitStarter -ideVersion5 -junit5 @w@C:\Users\86138\AppData\Local\Temp\idea_working_dirs_junit.tmp @C:\Users\86138\AppData\Local\Temp\idea_junit.tmp -socket35164

Host: Intel(R) Core(TM) i7-8850H CPU @ 2.60GHz, 12 cores, 31G,  Windows 10 , 64 bit Build 19041 (10.0.19041.2546)
Time: Fri Mar 31 14:22:41 2023 ?T?ик??ив?и║б└ elapsed time: 0 seconds (0d 0h 0m 0s)

---------------  T H R E A D  ---------------

Current thread (0x000001365df4a000):  JavaThread "main" [_thread_in_native, id=73672, stack(0x0000001269600000,0x0000001269700000)]

Stack: [0x0000001269600000,0x0000001269700000],  sp=0x00000012696fccf8,  free space=1011k
Native frames: (J=compiled Java code, j=interpreted, Vv=VM code, C=native code)
V  [jvm.dll+0x35bc57]

Java frames: (J=compiled Java code, j=interpreted, Vv=VM code)
j  jdk.jfr.internal.JVM.setMemorySize(J)V+0 jdk.jfr@9.0.1
j  jdk.jfr.internal.Options.setMemorySize(J)V+4 jdk.jfr@9.0.1
j  jdk.jfr.internal.Options.reset()V+9 jdk.jfr@9.0.1
j  jdk.jfr.internal.Options.<clinit>()V+38 jdk.jfr@9.0.1
v  ~StubRoutines::call_stub
j  jdk.jfr.internal.JVM.<clinit>()V+55 jdk.jfr@9.0.1
v  ~StubRoutines::call_stub
j  jdk.jfr.internal.JVMSupport.checkAvailability()Z+16 jdk.jfr@9.0.1
j  jdk.jfr.internal.JVMSupport.<clinit>()V+0 jdk.jfr@9.0.1
v  ~StubRoutines::call_stub
j  jdk.jfr.FlightRecorder.addListener(Ljdk/jfr/FlightRecorderListener;)V+8 jdk.jfr@9.0.1
j  one.profiler.JfrSync.<clinit>()V+7
v  ~StubRoutines::call_stub

siginfo: EXCEPTION_ACCESS_VIOLATION (0xc0000005), writing address 0x0000000000000030


Register to memory mapping:

RIP=0x000000007227bc57 jvm.dll
RAX=0x0000000000000000 is an unknown value
RBX={method} {0x00000136121a15f8} 'setMemorySize' '(J)V' in 'jdk/jfr/internal/JVM'
RCX=0x000001365df4a218 is an unknown value
RDX=0x00000012696fcdb8 is pointing into the stack for thread: 0x000001365df4a000
RSP=0x00000012696fccf8 is pointing into the stack for thread: 0x000001365df4a000
RBP=0x00000012696fcd88 is pointing into the stack for thread: 0x000001365df4a000
RSI=0x000001366ae20c57 is at begin+0 in a stub
StubRoutines::call_stub [0x000001366ae20c57, 0x000001366ae20dc1[ (362 bytes)
RDI=0x000001366ae2b603 is at code_begin+2307 in an Interpreter codelet
invoke return entry points  [0x000001366ae2ad00, 0x000001366ae2b6e0]  2528 bytes
R8 =0x0000000000a00000 is an unknown value
R9 =0x000001365dea3bc0 is an unknown value
R10=0x000001366ae391f0 is at code_begin+976 in an Interpreter codelet
method entry point (kind = native)  [0x000001366ae38e20, 0x000001366ae39980]  2912 bytes
R11=0x0000000000000101 is an unknown value
R12=0x0000000000000000 is an unknown value
R13=0x00000136121a15e8 is pointing into metadata
R14=0x00000012696fcdb8 is pointing into the stack for thread: 0x000001365df4a000
R15=0x000001365df4a000 is a thread


Registers:
RAX=0x0000000000000000, RBX=0x00000136121a15f0, RCX=0x000001365df4a218, RDX=0x00000012696fcdb8
RSP=0x00000012696fccf8, RBP=0x00000012696fcd88, RSI=0x000001366ae20c57, RDI=0x000001366ae2b603
R8 =0x0000000000a00000, R9 =0x000001365dea3bc0, R10=0x000001366ae391f0, R11=0x0000000000000101
R12=0x0000000000000000, R13=0x00000136121a15e8, R14=0x00000012696fcdb8, R15=0x000001365df4a000
RIP=0x000000007227bc57, EFLAGS=0x0000000000010283

Top of Stack: (sp=0x00000012696fccf8)
0x00000012696fccf8:   000001366ae3921c 000001366ae2b603
0x00000012696fcd08:   000001366ae38f16 000001365df4a000
0x00000012696fcd18:   00000136121a15f0 000001366ae20c57
0x00000012696fcd28:   0000000000000000 000001366ae2b603
0x00000012696fcd38:   000001366ae38ed3 00000012696fcd40
0x00000012696fcd48:   00000136121a15e8 00000012696fcdb8
0x00000012696fcd58:   00000136121a2c30 0000000000000000
0x00000012696fcd68:   00000005e6c631e0 00000136121a15f0
0x00000012696fcd78:   0000000000000000 00000012696fcda8
0x00000012696fcd88:   00000012696fce18 000001366ae2b603
0x00000012696fcd98:   0000000000000000 000001366ae36118
0x00000012696fcda8:   0000000000a00000 0000000000000000
0x00000012696fcdb8:   00000005e6c63270 0000000000000000
0x00000012696fcdc8:   00000005e6c64ff0 00000012696fcdc0
0x00000012696fcdd8:   00000136121a4f3c 00000012696fce30
0x00000012696fcde8:   00000136121a60a0 0000000000000000 

Instructions: (pc=0x000000007227bc57)
0x000000007227bc37:   4c 89 40 38 c3 cc cc cc cc 48 8b 05 61 b7 5f 00
0x000000007227bc47:   4c 89 40 20 c3 cc cc cc cc 48 8b 05 51 b7 5f 00
0x000000007227bc57:   4c 89 40 30 c3 cc cc cc cc 48 89 5c 24 08 48 89
0x000000007227bc67:   74 24 10 57 48 83 ec 20 8b 0d cf 73 63 00 65 48 



---------------  P R O C E S S  ---------------

Java Threads: ( => current thread )
  0x00000136124e1800 JavaThread "Monitor Ctrl-Break" daemon [_thread_in_native, id=70712, stack(0x000000126bb00000,0x000000126bc00000)]
  0x000001367fb8a800 JavaThread "Common-Cleaner" daemon [_thread_blocked, id=44240, stack(0x000000126ba00000,0x000000126bb00000)]
  0x000001367fac7000 JavaThread "Sweeper thread" daemon [_thread_blocked, id=33056, stack(0x000000126b900000,0x000000126ba00000)]
  0x000001367fabb000 JavaThread "C1 CompilerThread3" daemon [_thread_blocked, id=61200, stack(0x000000126b800000,0x000000126b900000)]
  0x000001367fab2000 JavaThread "C2 CompilerThread2" daemon [_thread_blocked, id=71884, stack(0x000000126b700000,0x000000126b800000)]
  0x000001367faa5000 JavaThread "C2 CompilerThread1" daemon [_thread_blocked, id=74512, stack(0x000000126b600000,0x000000126b700000)]
  0x000001367faa4800 JavaThread "C2 CompilerThread0" daemon [_thread_blocked, id=71116, stack(0x000000126b500000,0x000000126b600000)]
  0x000001367faa3800 JavaThread "Attach Listener" daemon [_thread_blocked, id=28844, stack(0x000000126b400000,0x000000126b500000)]
  0x000001367faa3000 JavaThread "Signal Dispatcher" daemon [_thread_blocked, id=59008, stack(0x000000126b300000,0x000000126b400000)]
  0x000001367fa71800 JavaThread "Finalizer" daemon [_thread_blocked, id=72080, stack(0x000000126b200000,0x000000126b300000)]
  0x000001367fa23800 JavaThread "Reference Handler" daemon [_thread_blocked, id=38468, stack(0x000000126b100000,0x000000126b200000)]
=>0x000001365df4a000 JavaThread "main" [_thread_in_native, id=73672, stack(0x0000001269600000,0x0000001269700000)]

Other Threads:
  0x000001367fa1e800 VMThread "VM Thread" [stack: 0x000000126b000000,0x000000126b100000] [id=63304]
  0x0000013660718800 GCTaskThread "GC Thread#0" [stack: 0x0000001269700000,0x0000001269800000] [id=76760]
  0x000001366071a000 GCTaskThread "GC Thread#1" [stack: 0x0000001269800000,0x0000001269900000] [id=74864]
  0x000001366071d800 GCTaskThread "GC Thread#2" [stack: 0x0000001269900000,0x0000001269a00000] [id=60120]
  0x0000013660723800 GCTaskThread "GC Thread#3" [stack: 0x0000001269a00000,0x0000001269b00000] [id=66760]
  0x0000013660729000 GCTaskThread "GC Thread#4" [stack: 0x0000001269b00000,0x0000001269c00000] [id=76044]
  0x000001366072a800 GCTaskThread "GC Thread#5" [stack: 0x0000001269c00000,0x0000001269d00000] [id=58556]
  0x000001366072b800 GCTaskThread "GC Thread#6" [stack: 0x0000001269d00000,0x0000001269e00000] [id=66868]
  0x000001366072d000 GCTaskThread "GC Thread#7" [stack: 0x0000001269e00000,0x0000001269f00000] [id=72332]
  0x0000013660732800 GCTaskThread "GC Thread#8" [stack: 0x0000001269f00000,0x000000126a000000] [id=52628]
  0x000001366072e000 GCTaskThread "GC Thread#9" [stack: 0x000000126a000000,0x000000126a100000] [id=65528]
  0x000001367ea71800 ConcurrentGCThread "G1 Main Marker" [stack: 0x000000126ac00000,0x000000126ad00000] [id=71004]
  0x0000013660734000 ConcurrentGCThread "G1 Marker#0" [stack: 0x000000126ad00000,0x000000126ae00000] [id=72288]
  0x000001366072d800 ConcurrentGCThread "G1 Marker#1" [stack: 0x000000126ae00000,0x000000126af00000] [id=58492]
  0x0000013660730000 ConcurrentGCThread "G1 Marker#2" [stack: 0x000000126af00000,0x000000126b000000] [id=76624]
  0x000001366076c000 ConcurrentGCThread "G1 Refine#0" [stack: 0x000000126aa00000,0x000000126ab00000] [id=73768]
  0x0000013660769800 ConcurrentGCThread "G1 Refine#1" [stack: 0x000000126a900000,0x000000126aa00000] [id=62108]
  0x0000013660765000 ConcurrentGCThread "G1 Refine#2" [stack: 0x000000126a800000,0x000000126a900000] [id=46072]
  0x0000013660757000 ConcurrentGCThread "G1 Refine#3" [stack: 0x000000126a700000,0x000000126a800000] [id=63396]
  0x0000013660754000 ConcurrentGCThread "G1 Refine#4" [stack: 0x000000126a600000,0x000000126a700000] [id=45232]
  0x0000013660753000 ConcurrentGCThread "G1 Refine#5" [stack: 0x000000126a500000,0x000000126a600000] [id=76628]
  0x0000013660752000 ConcurrentGCThread "G1 Refine#6" [stack: 0x000000126a400000,0x000000126a500000] [id=75068]
  0x0000013660751000 ConcurrentGCThread "G1 Refine#7" [stack: 0x000000126a300000,0x000000126a400000] [id=70872]
  0x000001366074e800 ConcurrentGCThread "G1 Refine#8" [stack: 0x000000126a200000,0x000000126a300000] [id=55044]
  0x000001366074d800 ConcurrentGCThread "G1 Refine#9" [stack: 0x000000126a100000,0x000000126a200000] [id=65964]
  0x000001366076d000 ConcurrentGCThread "G1 Young RemSet Sampling" [stack: 0x000000126ab00000,0x000000126ac00000] [id=68860]

Threads with active compile tasks:

VM state:not at safepoint (normal execution)

VM Mutex/Monitor currently owned by a thread: None

Heap address: 0x00000005c7800000, size: 8072 MB, Compressed Oops mode: Zero based, Oop shift amount: 3
Narrow klass base: 0x0000000000000000, Narrow klass shift: 3
Compressed class space size: 1073741824 Address: 0x00000007c0000000

Heap:
 garbage-first heap   total 518144K, used 4096K [0x00000005c7800000, 0x00000005c7a007e8, 0x00000007c0000000)
  region size 2048K, 3 young (6144K), 0 survivors (0K)
 Metaspace       used 6047K, capacity 6084K, committed 6272K, reserved 1056768K
  class space    used 523K, capacity 531K, committed 640K, reserved 1048576K
Heap Regions: E=young(eden), S=young(survivor), O=old, HS=humongous(starts), HC=humongous(continues), CS=collection set, F=free, A=archive, TS=gc time stamp, AC=allocation context, TAMS=top-at-mark-start (previous, next)
|   0|0x00000005c7800000, 0x00000005c7800000, 0x00000005c7a00000|  0%| F|  |TS  0|AC  0|TAMS 0x00000005c7800000, 0x00000005c7800000|
|   1|0x00000005c7a00000, 0x00000005c7a00000, 0x00000005c7c00000|  0%| F|  |TS  0|AC  0|TAMS 0x00000005c7a00000, 0x00000005c7a00000|
|   2|0x00000005c7c00000, 0x00000005c7c00000, 0x00000005c7e00000|  0%| F|  |TS  0|AC  0|TAMS 0x00000005c7c00000, 0x00000005c7c00000|
|   3|0x00000005c7e00000, 0x00000005c7e00000, 0x00000005c8000000|  0%| F|  |TS  0|AC  0|TAMS 0x00000005c7e00000, 0x00000005c7e00000|
|   4|0x00000005c8000000, 0x00000005c8000000, 0x00000005c8200000|  0%| F|  |TS  0|AC  0|TAMS 0x00000005c8000000, 0x00000005c8000000|
|   5|0x00000005c8200000, 0x00000005c8200000, 0x00000005c8400000|  0%| F|  |TS  0|AC  0|TAMS 0x00000005c8200000, 0x00000005c8200000|
|   6|0x00000005c8400000, 0x00000005c8400000, 0x00000005c8600000|  0%| F|  |TS  0|AC  0|TAMS 0x00000005c8400000, 0x00000005c8400000|
|   7|0x00000005c8600000, 0x00000005c8600000, 0x00000005c8800000|  0%| F|  |TS  0|AC  0|TAMS 0x00000005c8600000, 0x00000005c8600000|
|   8|0x00000005c8800000, 0x00000005c8800000, 0x00000005c8a00000|  0%| F|  |TS  0|AC  0|TAMS 0x00000005c8800000, 0x00000005c8800000|
|   9|0x00000005c8a00000, 0x00000005c8a00000, 0x00000005c8c00000|  0%| F|  |TS  0|AC  0|TAMS 0x00000005c8a00000, 0x00000005c8a00000|
|  10|0x00000005c8c00000, 0x00000005c8c00000, 0x00000005c8e00000|  0%| F|  |TS  0|AC  0|TAMS 0x00000005c8c00000, 0x00000005c8c00000|
|  11|0x00000005c8e00000, 0x00000005c8e00000, 0x00000005c9000000|  0%| F|  |TS  0|AC  0|TAMS 0x00000005c8e00000, 0x00000005c8e00000|
|  12|0x00000005c9000000, 0x00000005c9000000, 0x00000005c9200000|  0%| F|  |TS  0|AC  0|TAMS 0x00000005c9000000, 0x00000005c9000000|
|  13|0x00000005c9200000, 0x00000005c9200000, 0x00000005c9400000|  0%| F|  |TS  0|AC  0|TAMS 0x00000005c9200000, 0x00000005c9200000|
|  14|0x00000005c9400000, 0x00000005c9400000, 0x00000005c9600000|  0%| F|  |TS  0|AC  0|TAMS 0x00000005c9400000, 0x00000005c9400000|
|  15|0x00000005c9600000, 0x00000005c9600000, 0x00000005c9800000|  0%| F|  |TS  0|AC  0|TAMS 0x00000005c9600000, 0x00000005c9600000|
|  16|0x00000005c9800000, 0x00000005c9800000, 0x00000005c9a00000|  0%| F|  |TS  0|AC  0|TAMS 0x00000005c9800000, 0x00000005c9800000|
|  17|0x00000005c9a00000, 0x00000005c9a00000, 0x00000005c9c00000|  0%| F|  |TS  0|AC  0|TAMS 0x00000005c9a00000, 0x00000005c9a00000|
|  18|0x00000005c9c00000, 0x00000005c9c00000, 0x00000005c9e00000|  0%| F|  |TS  0|AC  0|TAMS 0x00000005c9c00000, 0x00000005c9c00000|
|  19|0x00000005c9e00000, 0x00000005c9e00000, 0x00000005ca000000|  0%| F|  |TS  0|AC  0|TAMS 0x00000005c9e00000, 0x00000005c9e00000|
|  20|0x00000005ca000000, 0x00000005ca000000, 0x00000005ca200000|  0%| F|  |TS  0|AC  0|TAMS 0x00000005ca000000, 0x00000005ca000000|
|  21|0x00000005ca200000, 0x00000005ca200000, 0x00000005ca400000|  0%| F|  |TS  0|AC  0|TAMS 0x00000005ca200000, 0x00000005ca200000|
|  22|0x00000005ca400000, 0x00000005ca400000, 0x00000005ca600000|  0%| F|  |TS  0|AC  0|TAMS 0x00000005ca400000, 0x00000005ca400000|
|  23|0x00000005ca600000, 0x00000005ca600000, 0x00000005ca800000|  0%| F|  |TS  0|AC  0|TAMS 0x00000005ca600000, 0x00000005ca600000|
|  24|0x00000005ca800000, 0x00000005ca800000, 0x00000005caa00000|  0%| F|  |TS  0|AC  0|TAMS 0x00000005ca800000, 0x00000005ca800000|
|  25|0x00000005caa00000, 0x00000005caa00000, 0x00000005cac00000|  0%| F|  |TS  0|AC  0|TAMS 0x00000005caa00000, 0x00000005caa00000|
|  26|0x00000005cac00000, 0x00000005cac00000, 0x00000005cae00000|  0%| F|  |TS  0|AC  0|TAMS 0x00000005cac00000, 0x00000005cac00000|
|  27|0x00000005cae00000, 0x00000005cae00000, 0x00000005cb000000|  0%| F|  |TS  0|AC  0|TAMS 0x00000005cae00000, 0x00000005cae00000|
|  28|0x00000005cb000000, 0x00000005cb000000, 0x00000005cb200000|  0%| F|  |TS  0|AC  0|TAMS 0x00000005cb000000, 0x00000005cb000000|
|  29|0x00000005cb200000, 0x00000005cb200000, 0x00000005cb400000|  0%| F|  |TS  0|AC  0|TAMS 0x00000005cb200000, 0x00000005cb200000|
|  30|0x00000005cb400000, 0x00000005cb400000, 0x00000005cb600000|  0%| F|  |TS  0|AC  0|TAMS 0x00000005cb400000, 0x00000005cb400000|
|  31|0x00000005cb600000, 0x00000005cb600000, 0x00000005cb800000|  0%| F|  |TS  0|AC  0|TAMS 0x00000005cb600000, 0x00000005cb600000|
|  32|0x00000005cb800000, 0x00000005cb800000, 0x00000005cba00000|  0%| F|  |TS  0|AC  0|TAMS 0x00000005cb800000, 0x00000005cb800000|
|  33|0x00000005cba00000, 0x00000005cba00000, 0x00000005cbc00000|  0%| F|  |TS  0|AC  0|TAMS 0x00000005cba00000, 0x00000005cba00000|
|  34|0x00000005cbc00000, 0x00000005cbc00000, 0x00000005cbe00000|  0%| F|  |TS  0|AC  0|TAMS 0x00000005cbc00000, 0x00000005cbc00000|
|  35|0x00000005cbe00000, 0x00000005cbe00000, 0x00000005cc000000|  0%| F|  |TS  0|AC  0|TAMS 0x00000005cbe00000, 0x00000005cbe00000|
|  36|0x00000005cc000000, 0x00000005cc000000, 0x00000005cc200000|  0%| F|  |TS  0|AC  0|TAMS 0x00000005cc000000, 0x00000005cc000000|
|  37|0x00000005cc200000, 0x00000005cc200000, 0x00000005cc400000|  0%| F|  |TS  0|AC  0|TAMS 0x00000005cc200000, 0x00000005cc200000|
|  38|0x00000005cc400000, 0x00000005cc400000, 0x00000005cc600000|  0%| F|  |TS  0|AC  0|TAMS 0x00000005cc400000, 0x00000005cc400000|
|  39|0x00000005cc600000, 0x00000005cc600000, 0x00000005cc800000|  0%| F|  |TS  0|AC  0|TAMS 0x00000005cc600000, 0x00000005cc600000|
|  40|0x00000005cc800000, 0x00000005cc800000, 0x00000005cca00000|  0%| F|  |TS  0|AC  0|TAMS 0x00000005cc800000, 0x00000005cc800000|
|  41|0x00000005cca00000, 0x00000005cca00000, 0x00000005ccc00000|  0%| F|  |TS  0|AC  0|TAMS 0x00000005cca00000, 0x00000005cca00000|
|  42|0x00000005ccc00000, 0x00000005ccc00000, 0x00000005cce00000|  0%| F|  |TS  0|AC  0|TAMS 0x00000005ccc00000, 0x00000005ccc00000|
|  43|0x00000005cce00000, 0x00000005cce00000, 0x00000005cd000000|  0%| F|  |TS  0|AC  0|TAMS 0x00000005cce00000, 0x00000005cce00000|
|  44|0x00000005cd000000, 0x00000005cd000000, 0x00000005cd200000|  0%| F|  |TS  0|AC  0|TAMS 0x00000005cd000000, 0x00000005cd000000|
|  45|0x00000005cd200000, 0x00000005cd200000, 0x00000005cd400000|  0%| F|  |TS  0|AC  0|TAMS 0x00000005cd200000, 0x00000005cd200000|
|  46|0x00000005cd400000, 0x00000005cd400000, 0x00000005cd600000|  0%| F|  |TS  0|AC  0|TAMS 0x00000005cd400000, 0x00000005cd400000|
|  47|0x00000005cd600000, 0x00000005cd600000, 0x00000005cd800000|  0%| F|  |TS  0|AC  0|TAMS 0x00000005cd600000, 0x00000005cd600000|
|  48|0x00000005cd800000, 0x00000005cd800000, 0x00000005cda00000|  0%| F|  |TS  0|AC  0|TAMS 0x00000005cd800000, 0x00000005cd800000|
|  49|0x00000005cda00000, 0x00000005cda00000, 0x00000005cdc00000|  0%| F|  |TS  0|AC  0|TAMS 0x00000005cda00000, 0x00000005cda00000|
|  50|0x00000005cdc00000, 0x00000005cdc00000, 0x00000005cde00000|  0%| F|  |TS  0|AC  0|TAMS 0x00000005cdc00000, 0x00000005cdc00000|
|  51|0x00000005cde00000, 0x00000005cde00000, 0x00000005ce000000|  0%| F|  |TS  0|AC  0|TAMS 0x00000005cde00000, 0x00000005cde00000|
|  52|0x00000005ce000000, 0x00000005ce000000, 0x00000005ce200000|  0%| F|  |TS  0|AC  0|TAMS 0x00000005ce000000, 0x00000005ce000000|
|  53|0x00000005ce200000, 0x00000005ce200000, 0x00000005ce400000|  0%| F|  |TS  0|AC  0|TAMS 0x00000005ce200000, 0x00000005ce200000|
|  54|0x00000005ce400000, 0x00000005ce400000, 0x00000005ce600000|  0%| F|  |TS  0|AC  0|TAMS 0x00000005ce400000, 0x00000005ce400000|
|  55|0x00000005ce600000, 0x00000005ce600000, 0x00000005ce800000|  0%| F|  |TS  0|AC  0|TAMS 0x00000005ce600000, 0x00000005ce600000|
|  56|0x00000005ce800000, 0x00000005ce800000, 0x00000005cea00000|  0%| F|  |TS  0|AC  0|TAMS 0x00000005ce800000, 0x00000005ce800000|
|  57|0x00000005cea00000, 0x00000005cea00000, 0x00000005cec00000|  0%| F|  |TS  0|AC  0|TAMS 0x00000005cea00000, 0x00000005cea00000|
|  58|0x00000005cec00000, 0x00000005cec00000, 0x00000005cee00000|  0%| F|  |TS  0|AC  0|TAMS 0x00000005cec00000, 0x00000005cec00000|
|  59|0x00000005cee00000, 0x00000005cee00000, 0x00000005cf000000|  0%| F|  |TS  0|AC  0|TAMS 0x00000005cee00000, 0x00000005cee00000|
|  60|0x00000005cf000000, 0x00000005cf000000, 0x00000005cf200000|  0%| F|  |TS  0|AC  0|TAMS 0x00000005cf000000, 0x00000005cf000000|
|  61|0x00000005cf200000, 0x00000005cf200000, 0x00000005cf400000|  0%| F|  |TS  0|AC  0|TAMS 0x00000005cf200000, 0x00000005cf200000|
|  62|0x00000005cf400000, 0x00000005cf400000, 0x00000005cf600000|  0%| F|  |TS  0|AC  0|TAMS 0x00000005cf400000, 0x00000005cf400000|
|  63|0x00000005cf600000, 0x00000005cf600000, 0x00000005cf800000|  0%| F|  |TS  0|AC  0|TAMS 0x00000005cf600000, 0x00000005cf600000|
|  64|0x00000005cf800000, 0x00000005cf800000, 0x00000005cfa00000|  0%| F|  |TS  0|AC  0|TAMS 0x00000005cf800000, 0x00000005cf800000|
|  65|0x00000005cfa00000, 0x00000005cfa00000, 0x00000005cfc00000|  0%| F|  |TS  0|AC  0|TAMS 0x00000005cfa00000, 0x00000005cfa00000|
|  66|0x00000005cfc00000, 0x00000005cfc00000, 0x00000005cfe00000|  0%| F|  |TS  0|AC  0|TAMS 0x00000005cfc00000, 0x00000005cfc00000|
|  67|0x00000005cfe00000, 0x00000005cfe00000, 0x00000005d0000000|  0%| F|  |TS  0|AC  0|TAMS 0x00000005cfe00000, 0x00000005cfe00000|
|  68|0x00000005d0000000, 0x00000005d0000000, 0x00000005d0200000|  0%| F|  |TS  0|AC  0|TAMS 0x00000005d0000000, 0x00000005d0000000|
|  69|0x00000005d0200000, 0x00000005d0200000, 0x00000005d0400000|  0%| F|  |TS  0|AC  0|TAMS 0x00000005d0200000, 0x00000005d0200000|
|  70|0x00000005d0400000, 0x00000005d0400000, 0x00000005d0600000|  0%| F|  |TS  0|AC  0|TAMS 0x00000005d0400000, 0x00000005d0400000|
|  71|0x00000005d0600000, 0x00000005d0600000, 0x00000005d0800000|  0%| F|  |TS  0|AC  0|TAMS 0x00000005d0600000, 0x00000005d0600000|
|  72|0x00000005d0800000, 0x00000005d0800000, 0x00000005d0a00000|  0%| F|  |TS  0|AC  0|TAMS 0x00000005d0800000, 0x00000005d0800000|
|  73|0x00000005d0a00000, 0x00000005d0a00000, 0x00000005d0c00000|  0%| F|  |TS  0|AC  0|TAMS 0x00000005d0a00000, 0x00000005d0a00000|
|  74|0x00000005d0c00000, 0x00000005d0c00000, 0x00000005d0e00000|  0%| F|  |TS  0|AC  0|TAMS 0x00000005d0c00000, 0x00000005d0c00000|
|  75|0x00000005d0e00000, 0x00000005d0e00000, 0x00000005d1000000|  0%| F|  |TS  0|AC  0|TAMS 0x00000005d0e00000, 0x00000005d0e00000|
|  76|0x00000005d1000000, 0x00000005d1000000, 0x00000005d1200000|  0%| F|  |TS  0|AC  0|TAMS 0x00000005d1000000, 0x00000005d1000000|
|  77|0x00000005d1200000, 0x00000005d1200000, 0x00000005d1400000|  0%| F|  |TS  0|AC  0|TAMS 0x00000005d1200000, 0x00000005d1200000|
|  78|0x00000005d1400000, 0x00000005d1400000, 0x00000005d1600000|  0%| F|  |TS  0|AC  0|TAMS 0x00000005d1400000, 0x00000005d1400000|
|  79|0x00000005d1600000, 0x00000005d1600000, 0x00000005d1800000|  0%| F|  |TS  0|AC  0|TAMS 0x00000005d1600000, 0x00000005d1600000|
|  80|0x00000005d1800000, 0x00000005d1800000, 0x00000005d1a00000|  0%| F|  |TS  0|AC  0|TAMS 0x00000005d1800000, 0x00000005d1800000|
|  81|0x00000005d1a00000, 0x00000005d1a00000, 0x00000005d1c00000|  0%| F|  |TS  0|AC  0|TAMS 0x00000005d1a00000, 0x00000005d1a00000|
|  82|0x00000005d1c00000, 0x00000005d1c00000, 0x00000005d1e00000|  0%| F|  |TS  0|AC  0|TAMS 0x00000005d1c00000, 0x00000005d1c00000|
|  83|0x00000005d1e00000, 0x00000005d1e00000, 0x00000005d2000000|  0%| F|  |TS  0|AC  0|TAMS 0x00000005d1e00000, 0x00000005d1e00000|
|  84|0x00000005d2000000, 0x00000005d2000000, 0x00000005d2200000|  0%| F|  |TS  0|AC  0|TAMS 0x00000005d2000000, 0x00000005d2000000|
|  85|0x00000005d2200000, 0x00000005d2200000, 0x00000005d2400000|  0%| F|  |TS  0|AC  0|TAMS 0x00000005d2200000, 0x00000005d2200000|
|  86|0x00000005d2400000, 0x00000005d2400000, 0x00000005d2600000|  0%| F|  |TS  0|AC  0|TAMS 0x00000005d2400000, 0x00000005d2400000|
|  87|0x00000005d2600000, 0x00000005d2600000, 0x00000005d2800000|  0%| F|  |TS  0|AC  0|TAMS 0x00000005d2600000, 0x00000005d2600000|
|  88|0x00000005d2800000, 0x00000005d2800000, 0x00000005d2a00000|  0%| F|  |TS  0|AC  0|TAMS 0x00000005d2800000, 0x00000005d2800000|
|  89|0x00000005d2a00000, 0x00000005d2a00000, 0x00000005d2c00000|  0%| F|  |TS  0|AC  0|TAMS 0x00000005d2a00000, 0x00000005d2a00000|
|  90|0x00000005d2c00000, 0x00000005d2c00000, 0x00000005d2e00000|  0%| F|  |TS  0|AC  0|TAMS 0x00000005d2c00000, 0x00000005d2c00000|
|  91|0x00000005d2e00000, 0x00000005d2e00000, 0x00000005d3000000|  0%| F|  |TS  0|AC  0|TAMS 0x00000005d2e00000, 0x00000005d2e00000|
|  92|0x00000005d3000000, 0x00000005d3000000, 0x00000005d3200000|  0%| F|  |TS  0|AC  0|TAMS 0x00000005d3000000, 0x00000005d3000000|
|  93|0x00000005d3200000, 0x00000005d3200000, 0x00000005d3400000|  0%| F|  |TS  0|AC  0|TAMS 0x00000005d3200000, 0x00000005d3200000|
|  94|0x00000005d3400000, 0x00000005d3400000, 0x00000005d3600000|  0%| F|  |TS  0|AC  0|TAMS 0x00000005d3400000, 0x00000005d3400000|
|  95|0x00000005d3600000, 0x00000005d3600000, 0x00000005d3800000|  0%| F|  |TS  0|AC  0|TAMS 0x00000005d3600000, 0x00000005d3600000|
|  96|0x00000005d3800000, 0x00000005d3800000, 0x00000005d3a00000|  0%| F|  |TS  0|AC  0|TAMS 0x00000005d3800000, 0x00000005d3800000|
|  97|0x00000005d3a00000, 0x00000005d3a00000, 0x00000005d3c00000|  0%| F|  |TS  0|AC  0|TAMS 0x00000005d3a00000, 0x00000005d3a00000|
|  98|0x00000005d3c00000, 0x00000005d3c00000, 0x00000005d3e00000|  0%| F|  |TS  0|AC  0|TAMS 0x00000005d3c00000, 0x00000005d3c00000|
|  99|0x00000005d3e00000, 0x00000005d3e00000, 0x00000005d4000000|  0%| F|  |TS  0|AC  0|TAMS 0x00000005d3e00000, 0x00000005d3e00000|
| 100|0x00000005d4000000, 0x00000005d4000000, 0x00000005d4200000|  0%| F|  |TS  0|AC  0|TAMS 0x00000005d4000000, 0x00000005d4000000|
| 101|0x00000005d4200000, 0x00000005d4200000, 0x00000005d4400000|  0%| F|  |TS  0|AC  0|TAMS 0x00000005d4200000, 0x00000005d4200000|
| 102|0x00000005d4400000, 0x00000005d4400000, 0x00000005d4600000|  0%| F|  |TS  0|AC  0|TAMS 0x00000005d4400000, 0x00000005d4400000|
| 103|0x00000005d4600000, 0x00000005d4600000, 0x00000005d4800000|  0%| F|  |TS  0|AC  0|TAMS 0x00000005d4600000, 0x00000005d4600000|
| 104|0x00000005d4800000, 0x00000005d4800000, 0x00000005d4a00000|  0%| F|  |TS  0|AC  0|TAMS 0x00000005d4800000, 0x00000005d4800000|
| 105|0x00000005d4a00000, 0x00000005d4a00000, 0x00000005d4c00000|  0%| F|  |TS  0|AC  0|TAMS 0x00000005d4a00000, 0x00000005d4a00000|
| 106|0x00000005d4c00000, 0x00000005d4c00000, 0x00000005d4e00000|  0%| F|  |TS  0|AC  0|TAMS 0x00000005d4c00000, 0x00000005d4c00000|
| 107|0x00000005d4e00000, 0x00000005d4e00000, 0x00000005d5000000|  0%| F|  |TS  0|AC  0|TAMS 0x00000005d4e00000, 0x00000005d4e00000|
| 108|0x00000005d5000000, 0x00000005d5000000, 0x00000005d5200000|  0%| F|  |TS  0|AC  0|TAMS 0x00000005d5000000, 0x00000005d5000000|
| 109|0x00000005d5200000, 0x00000005d5200000, 0x00000005d5400000|  0%| F|  |TS  0|AC  0|TAMS 0x00000005d5200000, 0x00000005d5200000|
| 110|0x00000005d5400000, 0x00000005d5400000, 0x00000005d5600000|  0%| F|  |TS  0|AC  0|TAMS 0x00000005d5400000, 0x00000005d5400000|
| 111|0x00000005d5600000, 0x00000005d5600000, 0x00000005d5800000|  0%| F|  |TS  0|AC  0|TAMS 0x00000005d5600000, 0x00000005d5600000|
| 112|0x00000005d5800000, 0x00000005d5800000, 0x00000005d5a00000|  0%| F|  |TS  0|AC  0|TAMS 0x00000005d5800000, 0x00000005d5800000|
| 113|0x00000005d5a00000, 0x00000005d5a00000, 0x00000005d5c00000|  0%| F|  |TS  0|AC  0|TAMS 0x00000005d5a00000, 0x00000005d5a00000|
| 114|0x00000005d5c00000, 0x00000005d5c00000, 0x00000005d5e00000|  0%| F|  |TS  0|AC  0|TAMS 0x00000005d5c00000, 0x00000005d5c00000|
| 115|0x00000005d5e00000, 0x00000005d5e00000, 0x00000005d6000000|  0%| F|  |TS  0|AC  0|TAMS 0x00000005d5e00000, 0x00000005d5e00000|
| 116|0x00000005d6000000, 0x00000005d6000000, 0x00000005d6200000|  0%| F|  |TS  0|AC  0|TAMS 0x00000005d6000000, 0x00000005d6000000|
| 117|0x00000005d6200000, 0x00000005d6200000, 0x00000005d6400000|  0%| F|  |TS  0|AC  0|TAMS 0x00000005d6200000, 0x00000005d6200000|
| 118|0x00000005d6400000, 0x00000005d6400000, 0x00000005d6600000|  0%| F|  |TS  0|AC  0|TAMS 0x00000005d6400000, 0x00000005d6400000|
| 119|0x00000005d6600000, 0x00000005d6600000, 0x00000005d6800000|  0%| F|  |TS  0|AC  0|TAMS 0x00000005d6600000, 0x00000005d6600000|
| 120|0x00000005d6800000, 0x00000005d6800000, 0x00000005d6a00000|  0%| F|  |TS  0|AC  0|TAMS 0x00000005d6800000, 0x00000005d6800000|
| 121|0x00000005d6a00000, 0x00000005d6a00000, 0x00000005d6c00000|  0%| F|  |TS  0|AC  0|TAMS 0x00000005d6a00000, 0x00000005d6a00000|
| 122|0x00000005d6c00000, 0x00000005d6c00000, 0x00000005d6e00000|  0%| F|  |TS  0|AC  0|TAMS 0x00000005d6c00000, 0x00000005d6c00000|
| 123|0x00000005d6e00000, 0x00000005d6e00000, 0x00000005d7000000|  0%| F|  |TS  0|AC  0|TAMS 0x00000005d6e00000, 0x00000005d6e00000|
| 124|0x00000005d7000000, 0x00000005d7000000, 0x00000005d7200000|  0%| F|  |TS  0|AC  0|TAMS 0x00000005d7000000, 0x00000005d7000000|
| 125|0x00000005d7200000, 0x00000005d7200000, 0x00000005d7400000|  0%| F|  |TS  0|AC  0|TAMS 0x00000005d7200000, 0x00000005d7200000|
| 126|0x00000005d7400000, 0x00000005d7400000, 0x00000005d7600000|  0%| F|  |TS  0|AC  0|TAMS 0x00000005d7400000, 0x00000005d7400000|
| 127|0x00000005d7600000, 0x00000005d7600000, 0x00000005d7800000|  0%| F|  |TS  0|AC  0|TAMS 0x00000005d7600000, 0x00000005d7600000|
| 128|0x00000005d7800000, 0x00000005d7800000, 0x00000005d7a00000|  0%| F|  |TS  0|AC  0|TAMS 0x00000005d7800000, 0x00000005d7800000|
| 129|0x00000005d7a00000, 0x00000005d7a00000, 0x00000005d7c00000|  0%| F|  |TS  0|AC  0|TAMS 0x00000005d7a00000, 0x00000005d7a00000|
| 130|0x00000005d7c00000, 0x00000005d7c00000, 0x00000005d7e00000|  0%| F|  |TS  0|AC  0|TAMS 0x00000005d7c00000, 0x00000005d7c00000|
| 131|0x00000005d7e00000, 0x00000005d7e00000, 0x00000005d8000000|  0%| F|  |TS  0|AC  0|TAMS 0x00000005d7e00000, 0x00000005d7e00000|
| 132|0x00000005d8000000, 0x00000005d8000000, 0x00000005d8200000|  0%| F|  |TS  0|AC  0|TAMS 0x00000005d8000000, 0x00000005d8000000|
| 133|0x00000005d8200000, 0x00000005d8200000, 0x00000005d8400000|  0%| F|  |TS  0|AC  0|TAMS 0x00000005d8200000, 0x00000005d8200000|
| 134|0x00000005d8400000, 0x00000005d8400000, 0x00000005d8600000|  0%| F|  |TS  0|AC  0|TAMS 0x00000005d8400000, 0x00000005d8400000|
| 135|0x00000005d8600000, 0x00000005d8600000, 0x00000005d8800000|  0%| F|  |TS  0|AC  0|TAMS 0x00000005d8600000, 0x00000005d8600000|
| 136|0x00000005d8800000, 0x00000005d8800000, 0x00000005d8a00000|  0%| F|  |TS  0|AC  0|TAMS 0x00000005d8800000, 0x00000005d8800000|
| 137|0x00000005d8a00000, 0x00000005d8a00000, 0x00000005d8c00000|  0%| F|  |TS  0|AC  0|TAMS 0x00000005d8a00000, 0x00000005d8a00000|
| 138|0x00000005d8c00000, 0x00000005d8c00000, 0x00000005d8e00000|  0%| F|  |TS  0|AC  0|TAMS 0x00000005d8c00000, 0x00000005d8c00000|
| 139|0x00000005d8e00000, 0x00000005d8e00000, 0x00000005d9000000|  0%| F|  |TS  0|AC  0|TAMS 0x00000005d8e00000, 0x00000005d8e00000|
| 140|0x00000005d9000000, 0x00000005d9000000, 0x00000005d9200000|  0%| F|  |TS  0|AC  0|TAMS 0x00000005d9000000, 0x00000005d9000000|
| 141|0x00000005d9200000, 0x00000005d9200000, 0x00000005d9400000|  0%| F|  |TS  0|AC  0|TAMS 0x00000005d9200000, 0x00000005d9200000|
| 142|0x00000005d9400000, 0x00000005d9400000, 0x00000005d9600000|  0%| F|  |TS  0|AC  0|TAMS 0x00000005d9400000, 0x00000005d9400000|
| 143|0x00000005d9600000, 0x00000005d9600000, 0x00000005d9800000|  0%| F|  |TS  0|AC  0|TAMS 0x00000005d9600000, 0x00000005d9600000|
| 144|0x00000005d9800000, 0x00000005d9800000, 0x00000005d9a00000|  0%| F|  |TS  0|AC  0|TAMS 0x00000005d9800000, 0x00000005d9800000|
| 145|0x00000005d9a00000, 0x00000005d9a00000, 0x00000005d9c00000|  0%| F|  |TS  0|AC  0|TAMS 0x00000005d9a00000, 0x00000005d9a00000|
| 146|0x00000005d9c00000, 0x00000005d9c00000, 0x00000005d9e00000|  0%| F|  |TS  0|AC  0|TAMS 0x00000005d9c00000, 0x00000005d9c00000|
| 147|0x00000005d9e00000, 0x00000005d9e00000, 0x00000005da000000|  0%| F|  |TS  0|AC  0|TAMS 0x00000005d9e00000, 0x00000005d9e00000|
| 148|0x00000005da000000, 0x00000005da000000, 0x00000005da200000|  0%| F|  |TS  0|AC  0|TAMS 0x00000005da000000, 0x00000005da000000|
| 149|0x00000005da200000, 0x00000005da200000, 0x00000005da400000|  0%| F|  |TS  0|AC  0|TAMS 0x00000005da200000, 0x00000005da200000|
| 150|0x00000005da400000, 0x00000005da400000, 0x00000005da600000|  0%| F|  |TS  0|AC  0|TAMS 0x00000005da400000, 0x00000005da400000|
| 151|0x00000005da600000, 0x00000005da600000, 0x00000005da800000|  0%| F|  |TS  0|AC  0|TAMS 0x00000005da600000, 0x00000005da600000|
| 152|0x00000005da800000, 0x00000005da800000, 0x00000005daa00000|  0%| F|  |TS  0|AC  0|TAMS 0x00000005da800000, 0x00000005da800000|
| 153|0x00000005daa00000, 0x00000005daa00000, 0x00000005dac00000|  0%| F|  |TS  0|AC  0|TAMS 0x00000005daa00000, 0x00000005daa00000|
| 154|0x00000005dac00000, 0x00000005dac00000, 0x00000005dae00000|  0%| F|  |TS  0|AC  0|TAMS 0x00000005dac00000, 0x00000005dac00000|
| 155|0x00000005dae00000, 0x00000005dae00000, 0x00000005db000000|  0%| F|  |TS  0|AC  0|TAMS 0x00000005dae00000, 0x00000005dae00000|
| 156|0x00000005db000000, 0x00000005db000000, 0x00000005db200000|  0%| F|  |TS  0|AC  0|TAMS 0x00000005db000000, 0x00000005db000000|
| 157|0x00000005db200000, 0x00000005db200000, 0x00000005db400000|  0%| F|  |TS  0|AC  0|TAMS 0x00000005db200000, 0x00000005db200000|
| 158|0x00000005db400000, 0x00000005db400000, 0x00000005db600000|  0%| F|  |TS  0|AC  0|TAMS 0x00000005db400000, 0x00000005db400000|
| 159|0x00000005db600000, 0x00000005db600000, 0x00000005db800000|  0%| F|  |TS  0|AC  0|TAMS 0x00000005db600000, 0x00000005db600000|
| 160|0x00000005db800000, 0x00000005db800000, 0x00000005dba00000|  0%| F|  |TS  0|AC  0|TAMS 0x00000005db800000, 0x00000005db800000|
| 161|0x00000005dba00000, 0x00000005dba00000, 0x00000005dbc00000|  0%| F|  |TS  0|AC  0|TAMS 0x00000005dba00000, 0x00000005dba00000|
| 162|0x00000005dbc00000, 0x00000005dbc00000, 0x00000005dbe00000|  0%| F|  |TS  0|AC  0|TAMS 0x00000005dbc00000, 0x00000005dbc00000|
| 163|0x00000005dbe00000, 0x00000005dbe00000, 0x00000005dc000000|  0%| F|  |TS  0|AC  0|TAMS 0x00000005dbe00000, 0x00000005dbe00000|
| 164|0x00000005dc000000, 0x00000005dc000000, 0x00000005dc200000|  0%| F|  |TS  0|AC  0|TAMS 0x00000005dc000000, 0x00000005dc000000|
| 165|0x00000005dc200000, 0x00000005dc200000, 0x00000005dc400000|  0%| F|  |TS  0|AC  0|TAMS 0x00000005dc200000, 0x00000005dc200000|
| 166|0x00000005dc400000, 0x00000005dc400000, 0x00000005dc600000|  0%| F|  |TS  0|AC  0|TAMS 0x00000005dc400000, 0x00000005dc400000|
| 167|0x00000005dc600000, 0x00000005dc600000, 0x00000005dc800000|  0%| F|  |TS  0|AC  0|TAMS 0x00000005dc600000, 0x00000005dc600000|
| 168|0x00000005dc800000, 0x00000005dc800000, 0x00000005dca00000|  0%| F|  |TS  0|AC  0|TAMS 0x00000005dc800000, 0x00000005dc800000|
| 169|0x00000005dca00000, 0x00000005dca00000, 0x00000005dcc00000|  0%| F|  |TS  0|AC  0|TAMS 0x00000005dca00000, 0x00000005dca00000|
| 170|0x00000005dcc00000, 0x00000005dcc00000, 0x00000005dce00000|  0%| F|  |TS  0|AC  0|TAMS 0x00000005dcc00000, 0x00000005dcc00000|
| 171|0x00000005dce00000, 0x00000005dce00000, 0x00000005dd000000|  0%| F|  |TS  0|AC  0|TAMS 0x00000005dce00000, 0x00000005dce00000|
| 172|0x00000005dd000000, 0x00000005dd000000, 0x00000005dd200000|  0%| F|  |TS  0|AC  0|TAMS 0x00000005dd000000, 0x00000005dd000000|
| 173|0x00000005dd200000, 0x00000005dd200000, 0x00000005dd400000|  0%| F|  |TS  0|AC  0|TAMS 0x00000005dd200000, 0x00000005dd200000|
| 174|0x00000005dd400000, 0x00000005dd400000, 0x00000005dd600000|  0%| F|  |TS  0|AC  0|TAMS 0x00000005dd400000, 0x00000005dd400000|
| 175|0x00000005dd600000, 0x00000005dd600000, 0x00000005dd800000|  0%| F|  |TS  0|AC  0|TAMS 0x00000005dd600000, 0x00000005dd600000|
| 176|0x00000005dd800000, 0x00000005dd800000, 0x00000005dda00000|  0%| F|  |TS  0|AC  0|TAMS 0x00000005dd800000, 0x00000005dd800000|
| 177|0x00000005dda00000, 0x00000005dda00000, 0x00000005ddc00000|  0%| F|  |TS  0|AC  0|TAMS 0x00000005dda00000, 0x00000005dda00000|
| 178|0x00000005ddc00000, 0x00000005ddc00000, 0x00000005dde00000|  0%| F|  |TS  0|AC  0|TAMS 0x00000005ddc00000, 0x00000005ddc00000|
| 179|0x00000005dde00000, 0x00000005dde00000, 0x00000005de000000|  0%| F|  |TS  0|AC  0|TAMS 0x00000005dde00000, 0x00000005dde00000|
| 180|0x00000005de000000, 0x00000005de000000, 0x00000005de200000|  0%| F|  |TS  0|AC  0|TAMS 0x00000005de000000, 0x00000005de000000|
| 181|0x00000005de200000, 0x00000005de200000, 0x00000005de400000|  0%| F|  |TS  0|AC  0|TAMS 0x00000005de200000, 0x00000005de200000|
| 182|0x00000005de400000, 0x00000005de400000, 0x00000005de600000|  0%| F|  |TS  0|AC  0|TAMS 0x00000005de400000, 0x00000005de400000|
| 183|0x00000005de600000, 0x00000005de600000, 0x00000005de800000|  0%| F|  |TS  0|AC  0|TAMS 0x00000005de600000, 0x00000005de600000|
| 184|0x00000005de800000, 0x00000005de800000, 0x00000005dea00000|  0%| F|  |TS  0|AC  0|TAMS 0x00000005de800000, 0x00000005de800000|
| 185|0x00000005dea00000, 0x00000005dea00000, 0x00000005dec00000|  0%| F|  |TS  0|AC  0|TAMS 0x00000005dea00000, 0x00000005dea00000|
| 186|0x00000005dec00000, 0x00000005dec00000, 0x00000005dee00000|  0%| F|  |TS  0|AC  0|TAMS 0x00000005dec00000, 0x00000005dec00000|
| 187|0x00000005dee00000, 0x00000005dee00000, 0x00000005df000000|  0%| F|  |TS  0|AC  0|TAMS 0x00000005dee00000, 0x00000005dee00000|
| 188|0x00000005df000000, 0x00000005df000000, 0x00000005df200000|  0%| F|  |TS  0|AC  0|TAMS 0x00000005df000000, 0x00000005df000000|
| 189|0x00000005df200000, 0x00000005df200000, 0x00000005df400000|  0%| F|  |TS  0|AC  0|TAMS 0x00000005df200000, 0x00000005df200000|
| 190|0x00000005df400000, 0x00000005df400000, 0x00000005df600000|  0%| F|  |TS  0|AC  0|TAMS 0x00000005df400000, 0x00000005df400000|
| 191|0x00000005df600000, 0x00000005df600000, 0x00000005df800000|  0%| F|  |TS  0|AC  0|TAMS 0x00000005df600000, 0x00000005df600000|
| 192|0x00000005df800000, 0x00000005df800000, 0x00000005dfa00000|  0%| F|  |TS  0|AC  0|TAMS 0x00000005df800000, 0x00000005df800000|
| 193|0x00000005dfa00000, 0x00000005dfa00000, 0x00000005dfc00000|  0%| F|  |TS  0|AC  0|TAMS 0x00000005dfa00000, 0x00000005dfa00000|
| 194|0x00000005dfc00000, 0x00000005dfc00000, 0x00000005dfe00000|  0%| F|  |TS  0|AC  0|TAMS 0x00000005dfc00000, 0x00000005dfc00000|
| 195|0x00000005dfe00000, 0x00000005dfe00000, 0x00000005e0000000|  0%| F|  |TS  0|AC  0|TAMS 0x00000005dfe00000, 0x00000005dfe00000|
| 196|0x00000005e0000000, 0x00000005e0000000, 0x00000005e0200000|  0%| F|  |TS  0|AC  0|TAMS 0x00000005e0000000, 0x00000005e0000000|
| 197|0x00000005e0200000, 0x00000005e0200000, 0x00000005e0400000|  0%| F|  |TS  0|AC  0|TAMS 0x00000005e0200000, 0x00000005e0200000|
| 198|0x00000005e0400000, 0x00000005e0400000, 0x00000005e0600000|  0%| F|  |TS  0|AC  0|TAMS 0x00000005e0400000, 0x00000005e0400000|
| 199|0x00000005e0600000, 0x00000005e0600000, 0x00000005e0800000|  0%| F|  |TS  0|AC  0|TAMS 0x00000005e0600000, 0x00000005e0600000|
| 200|0x00000005e0800000, 0x00000005e0800000, 0x00000005e0a00000|  0%| F|  |TS  0|AC  0|TAMS 0x00000005e0800000, 0x00000005e0800000|
| 201|0x00000005e0a00000, 0x00000005e0a00000, 0x00000005e0c00000|  0%| F|  |TS  0|AC  0|TAMS 0x00000005e0a00000, 0x00000005e0a00000|
| 202|0x00000005e0c00000, 0x00000005e0c00000, 0x00000005e0e00000|  0%| F|  |TS  0|AC  0|TAMS 0x00000005e0c00000, 0x00000005e0c00000|
| 203|0x00000005e0e00000, 0x00000005e0e00000, 0x00000005e1000000|  0%| F|  |TS  0|AC  0|TAMS 0x00000005e0e00000, 0x00000005e0e00000|
| 204|0x00000005e1000000, 0x00000005e1000000, 0x00000005e1200000|  0%| F|  |TS  0|AC  0|TAMS 0x00000005e1000000, 0x00000005e1000000|
| 205|0x00000005e1200000, 0x00000005e1200000, 0x00000005e1400000|  0%| F|  |TS  0|AC  0|TAMS 0x00000005e1200000, 0x00000005e1200000|
| 206|0x00000005e1400000, 0x00000005e1400000, 0x00000005e1600000|  0%| F|  |TS  0|AC  0|TAMS 0x00000005e1400000, 0x00000005e1400000|
| 207|0x00000005e1600000, 0x00000005e1600000, 0x00000005e1800000|  0%| F|  |TS  0|AC  0|TAMS 0x00000005e1600000, 0x00000005e1600000|
| 208|0x00000005e1800000, 0x00000005e1800000, 0x00000005e1a00000|  0%| F|  |TS  0|AC  0|TAMS 0x00000005e1800000, 0x00000005e1800000|
| 209|0x00000005e1a00000, 0x00000005e1a00000, 0x00000005e1c00000|  0%| F|  |TS  0|AC  0|TAMS 0x00000005e1a00000, 0x00000005e1a00000|
| 210|0x00000005e1c00000, 0x00000005e1c00000, 0x00000005e1e00000|  0%| F|  |TS  0|AC  0|TAMS 0x00000005e1c00000, 0x00000005e1c00000|
| 211|0x00000005e1e00000, 0x00000005e1e00000, 0x00000005e2000000|  0%| F|  |TS  0|AC  0|TAMS 0x00000005e1e00000, 0x00000005e1e00000|
| 212|0x00000005e2000000, 0x00000005e2000000, 0x00000005e2200000|  0%| F|  |TS  0|AC  0|TAMS 0x00000005e2000000, 0x00000005e2000000|
| 213|0x00000005e2200000, 0x00000005e2200000, 0x00000005e2400000|  0%| F|  |TS  0|AC  0|TAMS 0x00000005e2200000, 0x00000005e2200000|
| 214|0x00000005e2400000, 0x00000005e2400000, 0x00000005e2600000|  0%| F|  |TS  0|AC  0|TAMS 0x00000005e2400000, 0x00000005e2400000|
| 215|0x00000005e2600000, 0x00000005e2600000, 0x00000005e2800000|  0%| F|  |TS  0|AC  0|TAMS 0x00000005e2600000, 0x00000005e2600000|
| 216|0x00000005e2800000, 0x00000005e2800000, 0x00000005e2a00000|  0%| F|  |TS  0|AC  0|TAMS 0x00000005e2800000, 0x00000005e2800000|
| 217|0x00000005e2a00000, 0x00000005e2a00000, 0x00000005e2c00000|  0%| F|  |TS  0|AC  0|TAMS 0x00000005e2a00000, 0x00000005e2a00000|
| 218|0x00000005e2c00000, 0x00000005e2c00000, 0x00000005e2e00000|  0%| F|  |TS  0|AC  0|TAMS 0x00000005e2c00000, 0x00000005e2c00000|
| 219|0x00000005e2e00000, 0x00000005e2e00000, 0x00000005e3000000|  0%| F|  |TS  0|AC  0|TAMS 0x00000005e2e00000, 0x00000005e2e00000|
| 220|0x00000005e3000000, 0x00000005e3000000, 0x00000005e3200000|  0%| F|  |TS  0|AC  0|TAMS 0x00000005e3000000, 0x00000005e3000000|
| 221|0x00000005e3200000, 0x00000005e3200000, 0x00000005e3400000|  0%| F|  |TS  0|AC  0|TAMS 0x00000005e3200000, 0x00000005e3200000|
| 222|0x00000005e3400000, 0x00000005e3400000, 0x00000005e3600000|  0%| F|  |TS  0|AC  0|TAMS 0x00000005e3400000, 0x00000005e3400000|
| 223|0x00000005e3600000, 0x00000005e3600000, 0x00000005e3800000|  0%| F|  |TS  0|AC  0|TAMS 0x00000005e3600000, 0x00000005e3600000|
| 224|0x00000005e3800000, 0x00000005e3800000, 0x00000005e3a00000|  0%| F|  |TS  0|AC  0|TAMS 0x00000005e3800000, 0x00000005e3800000|
| 225|0x00000005e3a00000, 0x00000005e3a00000, 0x00000005e3c00000|  0%| F|  |TS  0|AC  0|TAMS 0x00000005e3a00000, 0x00000005e3a00000|
| 226|0x00000005e3c00000, 0x00000005e3c00000, 0x00000005e3e00000|  0%| F|  |TS  0|AC  0|TAMS 0x00000005e3c00000, 0x00000005e3c00000|
| 227|0x00000005e3e00000, 0x00000005e3e00000, 0x00000005e4000000|  0%| F|  |TS  0|AC  0|TAMS 0x00000005e3e00000, 0x00000005e3e00000|
| 228|0x00000005e4000000, 0x00000005e4000000, 0x00000005e4200000|  0%| F|  |TS  0|AC  0|TAMS 0x00000005e4000000, 0x00000005e4000000|
| 229|0x00000005e4200000, 0x00000005e4200000, 0x00000005e4400000|  0%| F|  |TS  0|AC  0|TAMS 0x00000005e4200000, 0x00000005e4200000|
| 230|0x00000005e4400000, 0x00000005e4400000, 0x00000005e4600000|  0%| F|  |TS  0|AC  0|TAMS 0x00000005e4400000, 0x00000005e4400000|
| 231|0x00000005e4600000, 0x00000005e4600000, 0x00000005e4800000|  0%| F|  |TS  0|AC  0|TAMS 0x00000005e4600000, 0x00000005e4600000|
| 232|0x00000005e4800000, 0x00000005e4800000, 0x00000005e4a00000|  0%| F|  |TS  0|AC  0|TAMS 0x00000005e4800000, 0x00000005e4800000|
| 233|0x00000005e4a00000, 0x00000005e4a00000, 0x00000005e4c00000|  0%| F|  |TS  0|AC  0|TAMS 0x00000005e4a00000, 0x00000005e4a00000|
| 234|0x00000005e4c00000, 0x00000005e4c00000, 0x00000005e4e00000|  0%| F|  |TS  0|AC  0|TAMS 0x00000005e4c00000, 0x00000005e4c00000|
| 235|0x00000005e4e00000, 0x00000005e4e00000, 0x00000005e5000000|  0%| F|  |TS  0|AC  0|TAMS 0x00000005e4e00000, 0x00000005e4e00000|
| 236|0x00000005e5000000, 0x00000005e5000000, 0x00000005e5200000|  0%| F|  |TS  0|AC  0|TAMS 0x00000005e5000000, 0x00000005e5000000|
| 237|0x00000005e5200000, 0x00000005e5200000, 0x00000005e5400000|  0%| F|  |TS  0|AC  0|TAMS 0x00000005e5200000, 0x00000005e5200000|
| 238|0x00000005e5400000, 0x00000005e5400000, 0x00000005e5600000|  0%| F|  |TS  0|AC  0|TAMS 0x00000005e5400000, 0x00000005e5400000|
| 239|0x00000005e5600000, 0x00000005e5600000, 0x00000005e5800000|  0%| F|  |TS  0|AC  0|TAMS 0x00000005e5600000, 0x00000005e5600000|
| 240|0x00000005e5800000, 0x00000005e5800000, 0x00000005e5a00000|  0%| F|  |TS  0|AC  0|TAMS 0x00000005e5800000, 0x00000005e5800000|
| 241|0x00000005e5a00000, 0x00000005e5a00000, 0x00000005e5c00000|  0%| F|  |TS  0|AC  0|TAMS 0x00000005e5a00000, 0x00000005e5a00000|
| 242|0x00000005e5c00000, 0x00000005e5c00000, 0x00000005e5e00000|  0%| F|  |TS  0|AC  0|TAMS 0x00000005e5c00000, 0x00000005e5c00000|
| 243|0x00000005e5e00000, 0x00000005e5e00000, 0x00000005e6000000|  0%| F|  |TS  0|AC  0|TAMS 0x00000005e5e00000, 0x00000005e5e00000|
| 244|0x00000005e6000000, 0x00000005e6000000, 0x00000005e6200000|  0%| F|  |TS  0|AC  0|TAMS 0x00000005e6000000, 0x00000005e6000000|
| 245|0x00000005e6200000, 0x00000005e6200000, 0x00000005e6400000|  0%| F|  |TS  0|AC  0|TAMS 0x00000005e6200000, 0x00000005e6200000|
| 246|0x00000005e6400000, 0x00000005e6400000, 0x00000005e6600000|  0%| F|  |TS  0|AC  0|TAMS 0x00000005e6400000, 0x00000005e6400000|
| 247|0x00000005e6600000, 0x00000005e6600000, 0x00000005e6800000|  0%| F|  |TS  0|AC  0|TAMS 0x00000005e6600000, 0x00000005e6600000|
| 248|0x00000005e6800000, 0x00000005e6800000, 0x00000005e6a00000|  0%| F|  |TS  0|AC  0|TAMS 0x00000005e6800000, 0x00000005e6800000|
| 249|0x00000005e6a00000, 0x00000005e6a00000, 0x00000005e6c00000|  0%| F|  |TS  0|AC  0|TAMS 0x00000005e6a00000, 0x00000005e6a00000|
| 250|0x00000005e6c00000, 0x00000005e6c7b630, 0x00000005e6e00000| 24%| E|  |TS  0|AC  0|TAMS 0x00000005e6c00000, 0x00000005e6c00000|
| 251|0x00000005e6e00000, 0x00000005e7000000, 0x00000005e7000000|100%| E|CS|TS  0|AC  0|TAMS 0x00000005e6e00000, 0x00000005e6e00000|
| 252|0x00000005e7000000, 0x00000005e7200000, 0x00000005e7200000|100%| E|CS|TS  0|AC  0|TAMS 0x00000005e7000000, 0x00000005e7000000|

Card table byte_map: [0x000001367ca40000,0x000001367da10000] byte_map_base: 0x0000013679c04000

Marking Bits (Prev, Next): (CMBitMap*) 0x00000136607ce7f0, (CMBitMap*) 0x00000136607ce828
 Prev Bits: [0x0000013600000000, 0x0000013607e20000)
 Next Bits: [0x0000013607e20000, 0x000001360fc40000)

Polling page: 0x000001365de40000

CodeHeap 'non-profiled nmethods': size=120000Kb used=80Kb max_used=80Kb free=119919Kb
 bounds [0x00000136728f0000, 0x0000013672b60000, 0x0000013679e20000]
CodeHeap 'profiled nmethods': size=120000Kb used=317Kb max_used=317Kb free=119682Kb
 bounds [0x000001366b3c0000, 0x000001366b630000, 0x00000136728f0000]
CodeHeap 'non-nmethods': size=5760Kb used=1198Kb max_used=1209Kb free=4561Kb
 bounds [0x000001366ae20000, 0x000001366b090000, 0x000001366b3c0000]
 total_blobs=645 nmethods=228 adapters=252
 compilation: enabled

Compilation events (10 events):
Event: 0.512 Thread 0x000001367fabb000 nmethod 220 0x000001366b40a790 code [0x000001366b40a960, 0x000001366b40aeb0]
Event: 0.512 Thread 0x000001367fabb000  221   !   3       sun.instrument.TransformerManager::transform (100 bytes)
Event: 0.513 Thread 0x000001367fabb000 nmethod 221 0x000001366b40b210 code [0x000001366b40b400, 0x000001366b40b8e0]
Event: 0.513 Thread 0x000001367fabb000  222       3       java.lang.AbstractStringBuilder::checkRange (60 bytes)
Event: 0.513 Thread 0x000001367faa5000  226       4       java.lang.String::charAt (25 bytes)
Event: 0.514 Thread 0x000001367fabb000 nmethod 222 0x000001366b40bc90 code [0x000001366b40bf40, 0x000001366b40cec0]
Event: 0.514 Thread 0x000001367fabb000  227       3       jdk.internal.org.objectweb.asm.Item::<init> (66 bytes)
Event: 0.515 Thread 0x000001367faa5000 nmethod 226 0x0000013672903f10 code [0x00000136729040a0, 0x0000013672904188]
Event: 0.515 Thread 0x000001367fabb000 nmethod 227 0x000001366b40d610 code [0x000001366b40d7c0, 0x000001366b40daf8]
Event: 0.515 Thread 0x000001367fabb000  225       3       java.lang.invoke.MethodTypeForm::canonicalize (233 bytes)

GC Heap History (0 events):
No events

Deoptimization events (2 events):
Event: 0.365 Thread 0x000001365df4a000 Uncommon trap: reason=range_check action=reinterpret pc=0x00000136728f54f0 method=java.lang.StringLatin1.indexOf([BII)I @ 13 c2
Event: 0.489 Thread 0x00000136124e1800 Uncommon trap: reason=unstable_if action=reinterpret pc=0x00000136728f2f9c method=java.lang.String.charAt(I)C @ 4 c2

Classes redefined (0 events):
No events

Internal exceptions (1 events):
Event: 0.481 Thread 0x000001365df4a000 Exception <a 'java/lang/NoSuchMethodError'{0x00000005e6f5e3e8}: java.lang.invoke.DirectMethodHandle$Holder.invokeStaticInit(Ljava/lang/Object;Ljava/lang/Object;Ljava/lang/Object;)Ljava/lang/Object;> (0x00000005e6f5e3e8) thrown at [t:/workspace/hotspot/src

Events (10 events):
Event: 0.512 loading class sun/security/action/GetBooleanAction
Event: 0.512 loading class sun/security/action/GetBooleanAction done
Event: 0.512 loading class java/security/AllPermissionCollection
Event: 0.512 loading class java/security/AllPermissionCollection done
Event: 0.514 loading class jdk/jfr/internal/JVM
Event: 0.514 loading class jdk/jfr/internal/JVM done
Event: 0.514 loading class jdk/jfr/internal/LogTag
Event: 0.515 loading class jdk/jfr/internal/LogTag done
Event: 0.515 loading class jdk/jfr/internal/Options
Event: 0.515 loading class jdk/jfr/internal/Options done


Dynamic libraries:
0x00007ff6b7880000 - 0x00007ff6b78be000 	C:\Program Files\Java\jdk-9.0.1\bin\java.exe
0x00007ff9df710000 - 0x00007ff9df908000 	C:\windows\SYSTEM32\ntdll.dll
0x00007ff9ddfe0000 - 0x00007ff9de09f000 	C:\windows\System32\KERNEL32.DLL
0x00007ff9dd370000 - 0x00007ff9dd642000 	C:\windows\System32\KERNELBASE.dll
0x00007ff9df450000 - 0x00007ff9df4fe000 	C:\windows\System32\ADVAPI32.dll
0x00007ff9dd7f0000 - 0x00007ff9dd88e000 	C:\windows\System32\msvcrt.dll
0x00007ff9decc0000 - 0x00007ff9ded5c000 	C:\windows\System32\sechost.dll
0x00007ff9df590000 - 0x00007ff9df6b4000 	C:\windows\System32\RPCRT4.dll
0x00007ff9dd910000 - 0x00007ff9ddab1000 	C:\windows\System32\USER32.dll
0x00007ff9dd110000 - 0x00007ff9dd132000 	C:\windows\System32\win32u.dll
0x00007ff9df420000 - 0x00007ff9df44b000 	C:\windows\System32\GDI32.dll
0x00007ff9dd650000 - 0x00007ff9dd75f000 	C:\windows\System32\gdi32full.dll
0x00007ff9dce10000 - 0x00007ff9dcead000 	C:\windows\System32\msvcp_win.dll
0x00007ff9dceb0000 - 0x00007ff9dcfb0000 	C:\windows\System32\ucrtbase.dll
0x00007ff9c2760000 - 0x00007ff9c29fa000 	C:\windows\WinSxS\amd64_microsoft.windows.common-controls_6595b64144ccf1df_6.0.19041.1110_none_60b5254171f9507e\COMCTL32.dll
0x00007ff9d15f0000 - 0x00007ff9d15fa000 	C:\windows\SYSTEM32\VERSION.dll
0x00007ff9dd760000 - 0x00007ff9dd790000 	C:\windows\System32\IMM32.DLL
0x00007ff9795a0000 - 0x00007ff97968f000 	C:\Program Files\Java\jdk-9.0.1\bin\msvcr120.dll
0x00007ff97dab0000 - 0x00007ff97db56000 	C:\Program Files\Java\jdk-9.0.1\bin\msvcp120.dll
0x0000000071f20000 - 0x0000000072944000 	C:\Program Files\Java\jdk-9.0.1\bin\server\jvm.dll
0x00007ff9df410000 - 0x00007ff9df418000 	C:\windows\System32\PSAPI.DLL
0x00007ff9bb320000 - 0x00007ff9bb329000 	C:\windows\SYSTEM32\WSOCK32.dll
0x00007ff9c3a90000 - 0x00007ff9c3ab7000 	C:\windows\SYSTEM32\WINMM.dll
0x00007ff9ddd90000 - 0x00007ff9dddfb000 	C:\windows\System32\WS2_32.dll
0x00007ff9d46f0000 - 0x00007ff9d46ff000 	C:\Program Files\Java\jdk-9.0.1\bin\verify.dll
0x00007ff9c04a0000 - 0x00007ff9c04c7000 	C:\Program Files\Java\jdk-9.0.1\bin\java.dll
0x00007ff9be2d0000 - 0x00007ff9be2fa000 	C:\Program Files\Java\jdk-9.0.1\bin\instrument.dll
0x00007ff9618c0000 - 0x00007ff961b14000 	C:\Users\86138\AppData\Local\Temp\libasyncProfiler.dll
0x00007ff9be9c0000 - 0x00007ff9be9d6000 	C:\Program Files\Java\jdk-9.0.1\bin\zip.dll
0x00007ff9c0c70000 - 0x00007ff9c0c7a000 	C:\Program Files\Java\jdk-9.0.1\bin\jimage.dll
0x00007ff9de570000 - 0x00007ff9decb5000 	C:\windows\System32\SHELL32.dll
0x00007ff9d7330000 - 0x00007ff9d7ac2000 	C:\windows\SYSTEM32\windows.storage.dll
0x00007ff9de100000 - 0x00007ff9de455000 	C:\windows\System32\combase.dll
0x00007ff9dc870000 - 0x00007ff9dc8a0000 	C:\windows\SYSTEM32\Wldp.dll
0x00007ff9dded0000 - 0x00007ff9ddf7d000 	C:\windows\System32\SHCORE.dll
0x00007ff9dd790000 - 0x00007ff9dd7e5000 	C:\windows\System32\shlwapi.dll
0x00007ff9dcd50000 - 0x00007ff9dcd6f000 	C:\windows\SYSTEM32\profapi.dll
0x00007ff9ab5d0000 - 0x00007ff9ab5ea000 	C:\Program Files\Java\jdk-9.0.1\bin\net.dll
0x00007ff9d61a0000 - 0x00007ff9d62aa000 	C:\windows\SYSTEM32\WINHTTP.dll
0x00007ff9dc5d0000 - 0x00007ff9dc63a000 	C:\windows\system32\mswsock.dll
0x00007ff9aaec0000 - 0x00007ff9aaed1000 	C:\Program Files\Java\jdk-9.0.1\bin\nio.dll
0x00007ff9c0cb0000 - 0x00007ff9c0cca000 	C:\Program Files\JetBrains\IntelliJ IDEA 2023.1\bin\breakgen64.dll
0x00007ff9d7ae0000 - 0x00007ff9d7cc4000 	C:\windows\SYSTEM32\dbghelp.dll
0x00007ff9dd1c0000 - 0x00007ff9dd242000 	C:\windows\System32\bcryptPrimitives.dll

VM Arguments:
jvm_args: -ea -Didea.test.cyclic.buffer.size=1048576 -javaagent:C:\Program Files\JetBrains\IntelliJ IDEA 2023.1\lib\idea_rt.jar=35165:C:\Program Files\JetBrains\IntelliJ IDEA 2023.1\bin -agentpath:C:\Users\86138\AppData\Local\Temp\libasyncProfiler.dll=start,jfr,event=cpu,interval=10ms,jfrsync=profile,cstack=no,file=C:\Users\86138\IdeaSnapshots\projet_individuelWand_2023_03_31_142240.jfr,log=C:\Users\86138\AppData\Local\Temp\projet_individuelWand_2023_03_31_142240.jfr.log.txt,logLevel=DEBUG -Dfile.encoding=UTF-8 
java_command: com.intellij.rt.junit.JUnitStarter -ideVersion5 -junit5 @w@C:\Users\86138\AppData\Local\Temp\idea_working_dirs_junit.tmp @C:\Users\86138\AppData\Local\Temp\idea_junit.tmp -socket35164
java_class_path (initial): C:\Users\86138\.m2\repository\org\junit\platform\junit-platform-launcher\1.9.2\junit-platform-launcher-1.9.2.jar;C:\Users\86138\.m2\repository\org\junit\vintage\junit-vintage-engine\5.9.2\junit-vintage-engine-5.9.2.jar;C:\Program Files\JetBrains\IntelliJ IDEA 2023.1\lib\idea_rt.jar;C:\Program Files\JetBrains\IntelliJ IDEA 2023.1\plugins\junit\lib\junit5-rt.jar;C:\Program Files\JetBrains\IntelliJ IDEA 2023.1\plugins\junit\lib\junit-rt.jar;C:\Users\86138\IdeaProjects\projet-individuel\target\test-classes;C:\Users\86138\IdeaProjects\projet-individuel\target\classes;C:\Users\86138\.m2\repository\junit\junit\4.13.2\junit-4.13.2.jar;C:\Users\86138\.m2\repository\org\hamcrest\hamcrest-core\1.3\hamcrest-core-1.3.jar;C:\Users\86138\.m2\repository\org\junit\jupiter\junit-jupiter\5.9.2\junit-jupiter-5.9.2.jar;C:\Users\86138\.m2\repository\org\junit\jupiter\junit-jupiter-api\5.9.2\junit-jupiter-api-5.9.2.jar;C:\Users\86138\.m2\repository\org\opentest4j\opentest4j\1.2.0\opentest4j-1.2.0.jar;C:\Users\86138\.m2\repository\org\junit\platform\junit-platform-commons\1.9.2\junit-platform-commons-1.9.2.jar;C:\Users\86138\.m2\repository\org\apiguardian\apiguardian-api\1.1.2\apiguardian-api-1.1.2.jar;C:\Users\86138\.m2\repository\org\junit\jupiter\junit-jupiter-params\5.9.2\junit-jupiter-params-5.9.2.jar;C:\Users\86138\.m2\repository\org\junit\jupiter\junit-jupiter-engine\5.9.2\junit-jupiter-engine-5.9.2.jar;C:\Users\86138\.m2\repository\org\junit\platform\junit-platform-engine\1.9.2\junit-platform-engine-1.9.2.jar;C:\Users\86138\.m2\repository\org\projectlombok\lombok\1.18.26\lombok-1.18.26.jar
Launcher Type: SUN_STANDARD

Logging:
Log output configuration:
#0: stdout all=warning uptime,level,tags
#1: stderr all=off uptime,level,tags

Environment Variables:
PATH=C:\Python311\Scripts\;C:\Python311\;C:\Program Files (x86)\NVIDIA Corporation\PhysX\Common;C:\ProgramData\Oracle\Java\javapath;C:\Program Files (x86)\Common Files\Intel\Shared Libraries\redist\intel64\compiler;C:\Program Files (x86)\Intel\Intel(R) Management Engine Components\iCLS\;C:\Program Files\Intel\Intel(R) Management Engine Components\iCLS\;C:\windows\system32;C:\windows;C:\windows\System32\Wbem;C:\windows\System32\WindowsPowerShell\v1.0\;C:\windows\System32\OpenSSH\;C:\Program Files (x86)\Intel\Intel(R) Management Engine Components\DAL;C:\Program Files\Intel\Intel(R) Management Engine Components\DAL;C:\Program Files (x86)\Intel\Intel(R) Management Engine Components\IPT;C:\Program Files\Intel\Intel(R) Management Engine Components\IPT;c:\Program Files (x86)\Microsoft SQL Server\100\Tools\Binn\;c:\Program Files\Microsoft SQL Server\100\Tools\Binn\;c:\Program Files\Microsoft SQL Server\100\DTS\Binn\;C:\Program Files\Microsoft SQL Server\Client SDK\ODBC\110\Tools\Binn\;C:\Program Files (x86)\Microsoft SQL Server\120\Tools\Binn\;C:\Program Files\Microsoft SQL Server\120\Tools\Binn\;C:\Program Files\Microsoft SQL Server\120\DTS\Binn\;C:\Program Files (x86)\Windows Kits\8.1\Windows Performance Toolkit\;C:\Program Files\Intel\WiFi\bin\;C:\Program Files\Common Files\Intel\WirelessCommon\;C:\Program Files\MATLAB\R2023a\bin;C:\Program Files\Polyspace\R2019b\runtime\win64;C:\Program Files\Polyspace\R2019b\bin;C:\Program Files\Polyspace\R2019b\polyspace\bin;C:\Program Files (x86)\dotnet\;C:\Program Files\nodejs\;C:\ProgramData\chocolatey\bin;C:\ProgramData\Microsoft\Windows\Start Menu\Programs\MySQL\MySQL Server 8.0;C:\Program Files\dotnet\;C:\VScode-C\mingw64\bin;C:\Program Files\MySQL\MySQL Shell 8.0\bin\;C:\Users\86138\AppData\Local\Programs\Python\Python39\Scripts\;C:\Users\86138\AppData\Local\Programs\Python\Python39\;C:\Python\Scripts\;C:\Python\;"C:\Users\86138\AppData\Local\Microsoft\WindowsApps;C:\Users\86138\AppData\Roaming\Microsoft\Windows\Start Menu\Program
USERNAME=86138
OS=Windows_NT
PROCESSOR_IDENTIFIER=Intel64 Family 6 Model 158 Stepping 10, GenuineIntel



---------------  S Y S T E M  ---------------

OS: Windows 10 , 64 bit Build 19041 (10.0.19041.2546)

CPU:total 12 (initial active 12) (6 cores per cpu, 2 threads per core) family 6 model 158 stepping 10, cmov, cx8, fxsr, mmx, sse, sse2, sse3, ssse3, sse4.1, sse4.2, popcnt, avx, avx2, aes, clmul, erms, rtm, 3dnowpref, lzcnt, ht, tsc, tscinvbit, bmi1, bmi2, adx, fma

Memory: 4k page, physical 33058792k(12964140k free), swap 52981736k(16512896k free)

vm_info: Java HotSpot(TM) 64-Bit Server VM (9.0.1+11) for windows-amd64 JRE (9.0.1+11), built on Sep 28 2017 04:54:03 by "mach5one" with MS VC++ 12.0 (VS2013)

END.
