#
# A fatal error has been detected by the Java Runtime Environment:
#
#  EXCEPTION_ACCESS_VIOLATION (0xc0000005) at pc=0x000000007227bc57, pid=76088, tid=74692
#
# JRE version: Java(TM) SE Runtime Environment (9.0+11) (build 9.0.1+11)
# Java VM: Java HotSpot(TM) 64-Bit Server VM (9.0.1+11, mixed mode, tiered, compressed oops, g1 gc, windows-amd64)
# Problematic frame:
# V  [jvm.dll+0x35bc57]
#
# No core dump will be written. Minidumps are not enabled by default on client versions of Windows
#
# If you would like to submit a bug report, please visit:
#   http://bugreport.java.com/bugreport/crash.jsp
# The crash happened outside the Java Virtual Machine in native code.
# See problematic frame for where to report the bug.
#

---------------  S U M M A R Y ------------

Command Line: -ea -Didea.test.cyclic.buffer.size=1048576 -javaagent:C:\Program Files\JetBrains\IntelliJ IDEA 2023.1\lib\idea_rt.jar=35146:C:\Program Files\JetBrains\IntelliJ IDEA 2023.1\bin -agentpath:C:\Users\86138\AppData\Local\Temp\libasyncProfiler.dll=start,jfr,event=cpu,interval=10ms,jfrsync=profile,cstack=no,file=C:\Users\86138\IdeaSnapshots\projet_individuelWand_2023_03_31_142226.jfr,log=C:\Users\86138\AppData\Local\Temp\projet_individuelWand_2023_03_31_142226.jfr.log.txt,logLevel=DEBUG -Dfile.encoding=UTF-8 com.intellij.rt.junit.JUnitStarter -ideVersion5 -junit5 @w@C:\Users\86138\AppData\Local\Temp\idea_working_dirs_junit.tmp @C:\Users\86138\AppData\Local\Temp\idea_junit.tmp -socket35145

Host: Intel(R) Core(TM) i7-8850H CPU @ 2.60GHz, 12 cores, 31G,  Windows 10 , 64 bit Build 19041 (10.0.19041.2546)
Time: Fri Mar 31 14:22:27 2023 ?T?ик??ив?и║б└ elapsed time: 0 seconds (0d 0h 0m 0s)

---------------  T H R E A D  ---------------

Current thread (0x000001afb094c800):  JavaThread "main" [_thread_in_native, id=74692, stack(0x0000007d26a00000,0x0000007d26b00000)]

Stack: [0x0000007d26a00000,0x0000007d26b00000],  sp=0x0000007d26afc658,  free space=1009k
Native frames: (J=compiled Java code, j=interpreted, Vv=VM code, C=native code)
V  [jvm.dll+0x35bc57]

Java frames: (J=compiled Java code, j=interpreted, Vv=VM code)
j  jdk.jfr.internal.JVM.setMemorySize(J)V+0 jdk.jfr@9.0.1
j  jdk.jfr.internal.Options.setMemorySize(J)V+4 jdk.jfr@9.0.1
j  jdk.jfr.internal.Options.reset()V+9 jdk.jfr@9.0.1
j  jdk.jfr.internal.Options.<clinit>()V+38 jdk.jfr@9.0.1
v  ~StubRoutines::call_stub
j  jdk.jfr.internal.JVM.<clinit>()V+55 jdk.jfr@9.0.1
v  ~StubRoutines::call_stub
j  jdk.jfr.internal.JVMSupport.checkAvailability()Z+16 jdk.jfr@9.0.1
j  jdk.jfr.internal.JVMSupport.<clinit>()V+0 jdk.jfr@9.0.1
v  ~StubRoutines::call_stub
j  jdk.jfr.FlightRecorder.addListener(Ljdk/jfr/FlightRecorderListener;)V+8 jdk.jfr@9.0.1
j  one.profiler.JfrSync.<clinit>()V+7
v  ~StubRoutines::call_stub

siginfo: EXCEPTION_ACCESS_VIOLATION (0xc0000005), writing address 0x0000000000000030


Register to memory mapping:

RIP=0x000000007227bc57 jvm.dll
RAX=0x0000000000000000 is an unknown value
RBX={method} {0x000001afe4714be8} 'setMemorySize' '(J)V' in 'jdk/jfr/internal/JVM'
RCX=0x000001afb094ca18 is an unknown value
RDX=0x0000007d26afc718 is pointing into the stack for thread: 0x000001afb094c800
RSP=0x0000007d26afc658 is pointing into the stack for thread: 0x000001afb094c800
RBP=0x0000007d26afc6e8 is pointing into the stack for thread: 0x000001afb094c800
RSI=0x000001afbd6c0c57 is at begin+0 in a stub
StubRoutines::call_stub [0x000001afbd6c0c57, 0x000001afbd6c0dc1[ (362 bytes)
RDI=0x000001afbd6cb603 is at code_begin+2307 in an Interpreter codelet
invoke return entry points  [0x000001afbd6cad00, 0x000001afbd6cb6e0]  2528 bytes
R8 =0x0000000000a00000 is an unknown value
R9 =0x000001afb08a4de0 is an unknown value
R10=0x000001afbd6d91f0 is at code_begin+976 in an Interpreter codelet
method entry point (kind = native)  [0x000001afbd6d8e20, 0x000001afbd6d9980]  2912 bytes
R11=0x0000000000000101 is an unknown value
R12=0x0000000000000000 is an unknown value
R13=0x000001afe4714bd8 is pointing into metadata
R14=0x0000007d26afc718 is pointing into the stack for thread: 0x000001afb094c800
R15=0x000001afb094c800 is a thread


Registers:
RAX=0x0000000000000000, RBX=0x000001afe4714be0, RCX=0x000001afb094ca18, RDX=0x0000007d26afc718
RSP=0x0000007d26afc658, RBP=0x0000007d26afc6e8, RSI=0x000001afbd6c0c57, RDI=0x000001afbd6cb603
R8 =0x0000000000a00000, R9 =0x000001afb08a4de0, R10=0x000001afbd6d91f0, R11=0x0000000000000101
R12=0x0000000000000000, R13=0x000001afe4714bd8, R14=0x0000007d26afc718, R15=0x000001afb094c800
RIP=0x000000007227bc57, EFLAGS=0x0000000000010283

Top of Stack: (sp=0x0000007d26afc658)
0x0000007d26afc658:   000001afbd6d921c 000001afbd6cb603
0x0000007d26afc668:   000001afbd6d8f16 000001afb094c800
0x0000007d26afc678:   000001afe4714be0 000001afbd6c0c57
0x0000007d26afc688:   0000000000000000 000001afbd6cb603
0x0000007d26afc698:   000001afbd6d8ed3 0000007d26afc6a0
0x0000007d26afc6a8:   000001afe4714bd8 0000007d26afc718
0x0000007d26afc6b8:   000001afe4716220 0000000000000000
0x0000007d26afc6c8:   00000005e6c63280 000001afe4714be0
0x0000007d26afc6d8:   0000000000000000 0000007d26afc708
0x0000007d26afc6e8:   0000007d26afc778 000001afbd6cb603
0x0000007d26afc6f8:   0000000000000000 000001afbd6d6118
0x0000007d26afc708:   0000000000a00000 0000000000000000
0x0000007d26afc718:   00000005e6c63310 0000000000000000
0x0000007d26afc728:   00000005e6c65090 0000007d26afc720
0x0000007d26afc738:   000001afe4719b9c 0000007d26afc790
0x0000007d26afc748:   000001afe471a838 0000000000000000 

Instructions: (pc=0x000000007227bc57)
0x000000007227bc37:   4c 89 40 38 c3 cc cc cc cc 48 8b 05 61 b7 5f 00
0x000000007227bc47:   4c 89 40 20 c3 cc cc cc cc 48 8b 05 51 b7 5f 00
0x000000007227bc57:   4c 89 40 30 c3 cc cc cc cc 48 89 5c 24 08 48 89
0x000000007227bc67:   74 24 10 57 48 83 ec 20 8b 0d cf 73 63 00 65 48 



---------------  P R O C E S S  ---------------

Java Threads: ( => current thread )
  0x000001afe4bac000 JavaThread "Monitor Ctrl-Break" daemon [_thread_in_native, id=12692, stack(0x0000007d28f00000,0x0000007d29000000)]
  0x000001afe40cf800 JavaThread "Common-Cleaner" daemon [_thread_blocked, id=43700, stack(0x0000007d28e00000,0x0000007d28f00000)]
  0x000001afe3ff4800 JavaThread "Sweeper thread" daemon [_thread_blocked, id=66508, stack(0x0000007d28d00000,0x0000007d28e00000)]
  0x000001afe3fed000 JavaThread "C1 CompilerThread3" daemon [_thread_blocked, id=73744, stack(0x0000007d28c00000,0x0000007d28d00000)]
  0x000001afe3feb800 JavaThread "C2 CompilerThread2" daemon [_thread_blocked, id=49756, stack(0x0000007d28b00000,0x0000007d28c00000)]
  0x000001afe3fea800 JavaThread "C2 CompilerThread1" daemon [_thread_blocked, id=68432, stack(0x0000007d28a00000,0x0000007d28b00000)]
  0x000001afe3fea000 JavaThread "C2 CompilerThread0" daemon [_thread_blocked, id=73620, stack(0x0000007d28900000,0x0000007d28a00000)]
  0x000001afe3fe9000 JavaThread "Attach Listener" daemon [_thread_blocked, id=71460, stack(0x0000007d28800000,0x0000007d28900000)]
  0x000001afe3fe8800 JavaThread "Signal Dispatcher" daemon [_thread_blocked, id=24400, stack(0x0000007d28700000,0x0000007d28800000)]
  0x000001afe3fac800 JavaThread "Finalizer" daemon [_thread_blocked, id=29248, stack(0x0000007d28600000,0x0000007d28700000)]
  0x000001afe3f6a000 JavaThread "Reference Handler" daemon [_thread_blocked, id=30516, stack(0x0000007d28500000,0x0000007d28600000)]
=>0x000001afb094c800 JavaThread "main" [_thread_in_native, id=74692, stack(0x0000007d26a00000,0x0000007d26b00000)]

Other Threads:
  0x000001afe3f5b800 VMThread "VM Thread" [stack: 0x0000007d28400000,0x0000007d28500000] [id=73664]
  0x000001afb2faa800 GCTaskThread "GC Thread#0" [stack: 0x0000007d26b00000,0x0000007d26c00000] [id=27004]
  0x000001afb2fac000 GCTaskThread "GC Thread#1" [stack: 0x0000007d26c00000,0x0000007d26d00000] [id=72872]
  0x000001afb2fae800 GCTaskThread "GC Thread#2" [stack: 0x0000007d26d00000,0x0000007d26e00000] [id=46436]
  0x000001afb2fb5000 GCTaskThread "GC Thread#3" [stack: 0x0000007d26e00000,0x0000007d26f00000] [id=72312]
  0x000001afb2fbe800 GCTaskThread "GC Thread#4" [stack: 0x0000007d26f00000,0x0000007d27000000] [id=71372]
  0x000001afb2fc1800 GCTaskThread "GC Thread#5" [stack: 0x0000007d27000000,0x0000007d27100000] [id=63972]
  0x000001afb2fc2800 GCTaskThread "GC Thread#6" [stack: 0x0000007d27100000,0x0000007d27200000] [id=74180]
  0x000001afb2fc3800 GCTaskThread "GC Thread#7" [stack: 0x0000007d27200000,0x0000007d27300000] [id=71312]
  0x000001afb2fc6000 GCTaskThread "GC Thread#8" [stack: 0x0000007d27300000,0x0000007d27400000] [id=46336]
  0x000001afb2fc8000 GCTaskThread "GC Thread#9" [stack: 0x0000007d27400000,0x0000007d27500000] [id=75972]
  0x000001afe0f95000 ConcurrentGCThread "G1 Main Marker" [stack: 0x0000007d28000000,0x0000007d28100000] [id=74288]
  0x000001afb2fc4800 ConcurrentGCThread "G1 Marker#0" [stack: 0x0000007d28100000,0x0000007d28200000] [id=70152]
  0x000001afb2fc9000 ConcurrentGCThread "G1 Marker#1" [stack: 0x0000007d28200000,0x0000007d28300000] [id=70004]
  0x000001afb2fc6800 ConcurrentGCThread "G1 Marker#2" [stack: 0x0000007d28300000,0x0000007d28400000] [id=76288]
  0x000001afb2ff6800 ConcurrentGCThread "G1 Refine#0" [stack: 0x0000007d27e00000,0x0000007d27f00000] [id=22992]
  0x000001afb2ff8800 ConcurrentGCThread "G1 Refine#1" [stack: 0x0000007d27d00000,0x0000007d27e00000] [id=75816]
  0x000001afb2ffa000 ConcurrentGCThread "G1 Refine#2" [stack: 0x0000007d27c00000,0x0000007d27d00000] [id=76780]
  0x000001afb2fee800 ConcurrentGCThread "G1 Refine#3" [stack: 0x0000007d27b00000,0x0000007d27c00000] [id=75688]
  0x000001afb2feb000 ConcurrentGCThread "G1 Refine#4" [stack: 0x0000007d27a00000,0x0000007d27b00000] [id=58100]
  0x000001afb2fea800 ConcurrentGCThread "G1 Refine#5" [stack: 0x0000007d27900000,0x0000007d27a00000] [id=7316]
  0x000001afb2fea000 ConcurrentGCThread "G1 Refine#6" [stack: 0x0000007d27800000,0x0000007d27900000] [id=71052]
  0x000001afb2fe9000 ConcurrentGCThread "G1 Refine#7" [stack: 0x0000007d27700000,0x0000007d27800000] [id=75924]
  0x000001afb2fe8800 ConcurrentGCThread "G1 Refine#8" [stack: 0x0000007d27600000,0x0000007d27700000] [id=66356]
  0x000001afb2fe4000 ConcurrentGCThread "G1 Refine#9" [stack: 0x0000007d27500000,0x0000007d27600000] [id=72892]
  0x000001afb3002800 ConcurrentGCThread "G1 Young RemSet Sampling" [stack: 0x0000007d27f00000,0x0000007d28000000] [id=60516]

Threads with active compile tasks:

VM state:not at safepoint (normal execution)

VM Mutex/Monitor currently owned by a thread: None

Heap address: 0x00000005c7800000, size: 8072 MB, Compressed Oops mode: Zero based, Oop shift amount: 3
Narrow klass base: 0x0000000000000000, Narrow klass shift: 3
Compressed class space size: 1073741824 Address: 0x00000007c0000000

Heap:
 garbage-first heap   total 518144K, used 4096K [0x00000005c7800000, 0x00000005c7a007e8, 0x00000007c0000000)
  region size 2048K, 3 young (6144K), 0 survivors (0K)
 Metaspace       used 6056K, capacity 6132K, committed 6272K, reserved 1056768K
  class space    used 523K, capacity 531K, committed 640K, reserved 1048576K
Heap Regions: E=young(eden), S=young(survivor), O=old, HS=humongous(starts), HC=humongous(continues), CS=collection set, F=free, A=archive, TS=gc time stamp, AC=allocation context, TAMS=top-at-mark-start (previous, next)
|   0|0x00000005c7800000, 0x00000005c7800000, 0x00000005c7a00000|  0%| F|  |TS  0|AC  0|TAMS 0x00000005c7800000, 0x00000005c7800000|
|   1|0x00000005c7a00000, 0x00000005c7a00000, 0x00000005c7c00000|  0%| F|  |TS  0|AC  0|TAMS 0x00000005c7a00000, 0x00000005c7a00000|
|   2|0x00000005c7c00000, 0x00000005c7c00000, 0x00000005c7e00000|  0%| F|  |TS  0|AC  0|TAMS 0x00000005c7c00000, 0x00000005c7c00000|
|   3|0x00000005c7e00000, 0x00000005c7e00000, 0x00000005c8000000|  0%| F|  |TS  0|AC  0|TAMS 0x00000005c7e00000, 0x00000005c7e00000|
|   4|0x00000005c8000000, 0x00000005c8000000, 0x00000005c8200000|  0%| F|  |TS  0|AC  0|TAMS 0x00000005c8000000, 0x00000005c8000000|
|   5|0x00000005c8200000, 0x00000005c8200000, 0x00000005c8400000|  0%| F|  |TS  0|AC  0|TAMS 0x00000005c8200000, 0x00000005c8200000|
|   6|0x00000005c8400000, 0x00000005c8400000, 0x00000005c8600000|  0%| F|  |TS  0|AC  0|TAMS 0x00000005c8400000, 0x00000005c8400000|
|   7|0x00000005c8600000, 0x00000005c8600000, 0x00000005c8800000|  0%| F|  |TS  0|AC  0|TAMS 0x00000005c8600000, 0x00000005c8600000|
|   8|0x00000005c8800000, 0x00000005c8800000, 0x00000005c8a00000|  0%| F|  |TS  0|AC  0|TAMS 0x00000005c8800000, 0x00000005c8800000|
|   9|0x00000005c8a00000, 0x00000005c8a00000, 0x00000005c8c00000|  0%| F|  |TS  0|AC  0|TAMS 0x00000005c8a00000, 0x00000005c8a00000|
|  10|0x00000005c8c00000, 0x00000005c8c00000, 0x00000005c8e00000|  0%| F|  |TS  0|AC  0|TAMS 0x00000005c8c00000, 0x00000005c8c00000|
|  11|0x00000005c8e00000, 0x00000005c8e00000, 0x00000005c9000000|  0%| F|  |TS  0|AC  0|TAMS 0x00000005c8e00000, 0x00000005c8e00000|
|  12|0x00000005c9000000, 0x00000005c9000000, 0x00000005c9200000|  0%| F|  |TS  0|AC  0|TAMS 0x00000005c9000000, 0x00000005c9000000|
|  13|0x00000005c9200000, 0x00000005c9200000, 0x00000005c9400000|  0%| F|  |TS  0|AC  0|TAMS 0x00000005c9200000, 0x00000005c9200000|
|  14|0x00000005c9400000, 0x00000005c9400000, 0x00000005c9600000|  0%| F|  |TS  0|AC  0|TAMS 0x00000005c9400000, 0x00000005c9400000|
|  15|0x00000005c9600000, 0x00000005c9600000, 0x00000005c9800000|  0%| F|  |TS  0|AC  0|TAMS 0x00000005c9600000, 0x00000005c9600000|
|  16|0x00000005c9800000, 0x00000005c9800000, 0x00000005c9a00000|  0%| F|  |TS  0|AC  0|TAMS 0x00000005c9800000, 0x00000005c9800000|
|  17|0x00000005c9a00000, 0x00000005c9a00000, 0x00000005c9c00000|  0%| F|  |TS  0|AC  0|TAMS 0x00000005c9a00000, 0x00000005c9a00000|
|  18|0x00000005c9c00000, 0x00000005c9c00000, 0x00000005c9e00000|  0%| F|  |TS  0|AC  0|TAMS 0x00000005c9c00000, 0x00000005c9c00000|
|  19|0x00000005c9e00000, 0x00000005c9e00000, 0x00000005ca000000|  0%| F|  |TS  0|AC  0|TAMS 0x00000005c9e00000, 0x00000005c9e00000|
|  20|0x00000005ca000000, 0x00000005ca000000, 0x00000005ca200000|  0%| F|  |TS  0|AC  0|TAMS 0x00000005ca000000, 0x00000005ca000000|
|  21|0x00000005ca200000, 0x00000005ca200000, 0x00000005ca400000|  0%| F|  |TS  0|AC  0|TAMS 0x00000005ca200000, 0x00000005ca200000|
|  22|0x00000005ca400000, 0x00000005ca400000, 0x00000005ca600000|  0%| F|  |TS  0|AC  0|TAMS 0x00000005ca400000, 0x00000005ca400000|
|  23|0x00000005ca600000, 0x00000005ca600000, 0x00000005ca800000|  0%| F|  |TS  0|AC  0|TAMS 0x00000005ca600000, 0x00000005ca600000|
|  24|0x00000005ca800000, 0x00000005ca800000, 0x00000005caa00000|  0%| F|  |TS  0|AC  0|TAMS 0x00000005ca800000, 0x00000005ca800000|
|  25|0x00000005caa00000, 0x00000005caa00000, 0x00000005cac00000|  0%| F|  |TS  0|AC  0|TAMS 0x00000005caa00000, 0x00000005caa00000|
|  26|0x00000005cac00000, 0x00000005cac00000, 0x00000005cae00000|  0%| F|  |TS  0|AC  0|TAMS 0x00000005cac00000, 0x00000005cac00000|
|  27|0x00000005cae00000, 0x00000005cae00000, 0x00000005cb000000|  0%| F|  |TS  0|AC  0|TAMS 0x00000005cae00000, 0x00000005cae00000|
|  28|0x00000005cb000000, 0x00000005cb000000, 0x00000005cb200000|  0%| F|  |TS  0|AC  0|TAMS 0x00000005cb000000, 0x00000005cb000000|
|  29|0x00000005cb200000, 0x00000005cb200000, 0x00000005cb400000|  0%| F|  |TS  0|AC  0|TAMS 0x00000005cb200000, 0x00000005cb200000|
|  30|0x00000005cb400000, 0x00000005cb400000, 0x00000005cb600000|  0%| F|  |TS  0|AC  0|TAMS 0x00000005cb400000, 0x00000005cb400000|
|  31|0x00000005cb600000, 0x00000005cb600000, 0x00000005cb800000|  0%| F|  |TS  0|AC  0|TAMS 0x00000005cb600000, 0x00000005cb600000|
|  32|0x00000005cb800000, 0x00000005cb800000, 0x00000005cba00000|  0%| F|  |TS  0|AC  0|TAMS 0x00000005cb800000, 0x00000005cb800000|
|  33|0x00000005cba00000, 0x00000005cba00000, 0x00000005cbc00000|  0%| F|  |TS  0|AC  0|TAMS 0x00000005cba00000, 0x00000005cba00000|
|  34|0x00000005cbc00000, 0x00000005cbc00000, 0x00000005cbe00000|  0%| F|  |TS  0|AC  0|TAMS 0x00000005cbc00000, 0x00000005cbc00000|
|  35|0x00000005cbe00000, 0x00000005cbe00000, 0x00000005cc000000|  0%| F|  |TS  0|AC  0|TAMS 0x00000005cbe00000, 0x00000005cbe00000|
|  36|0x00000005cc000000, 0x00000005cc000000, 0x00000005cc200000|  0%| F|  |TS  0|AC  0|TAMS 0x00000005cc000000, 0x00000005cc000000|
|  37|0x00000005cc200000, 0x00000005cc200000, 0x00000005cc400000|  0%| F|  |TS  0|AC  0|TAMS 0x00000005cc200000, 0x00000005cc200000|
|  38|0x00000005cc400000, 0x00000005cc400000, 0x00000005cc600000|  0%| F|  |TS  0|AC  0|TAMS 0x00000005cc400000, 0x00000005cc400000|
|  39|0x00000005cc600000, 0x00000005cc600000, 0x00000005cc800000|  0%| F|  |TS  0|AC  0|TAMS 0x00000005cc600000, 0x00000005cc600000|
|  40|0x00000005cc800000, 0x00000005cc800000, 0x00000005cca00000|  0%| F|  |TS  0|AC  0|TAMS 0x00000005cc800000, 0x00000005cc800000|
|  41|0x00000005cca00000, 0x00000005cca00000, 0x00000005ccc00000|  0%| F|  |TS  0|AC  0|TAMS 0x00000005cca00000, 0x00000005cca00000|
|  42|0x00000005ccc00000, 0x00000005ccc00000, 0x00000005cce00000|  0%| F|  |TS  0|AC  0|TAMS 0x00000005ccc00000, 0x00000005ccc00000|
|  43|0x00000005cce00000, 0x00000005cce00000, 0x00000005cd000000|  0%| F|  |TS  0|AC  0|TAMS 0x00000005cce00000, 0x00000005cce00000|
|  44|0x00000005cd000000, 0x00000005cd000000, 0x00000005cd200000|  0%| F|  |TS  0|AC  0|TAMS 0x00000005cd000000, 0x00000005cd000000|
|  45|0x00000005cd200000, 0x00000005cd200000, 0x00000005cd400000|  0%| F|  |TS  0|AC  0|TAMS 0x00000005cd200000, 0x00000005cd200000|
|  46|0x00000005cd400000, 0x00000005cd400000, 0x00000005cd600000|  0%| F|  |TS  0|AC  0|TAMS 0x00000005cd400000, 0x00000005cd400000|
|  47|0x00000005cd600000, 0x00000005cd600000, 0x00000005cd800000|  0%| F|  |TS  0|AC  0|TAMS 0x00000005cd600000, 0x00000005cd600000|
|  48|0x00000005cd800000, 0x00000005cd800000, 0x00000005cda00000|  0%| F|  |TS  0|AC  0|TAMS 0x00000005cd800000, 0x00000005cd800000|
|  49|0x00000005cda00000, 0x00000005cda00000, 0x00000005cdc00000|  0%| F|  |TS  0|AC  0|TAMS 0x00000005cda00000, 0x00000005cda00000|
|  50|0x00000005cdc00000, 0x00000005cdc00000, 0x00000005cde00000|  0%| F|  |TS  0|AC  0|TAMS 0x00000005cdc00000, 0x00000005cdc00000|
|  51|0x00000005cde00000, 0x00000005cde00000, 0x00000005ce000000|  0%| F|  |TS  0|AC  0|TAMS 0x00000005cde00000, 0x00000005cde00000|
|  52|0x00000005ce000000, 0x00000005ce000000, 0x00000005ce200000|  0%| F|  |TS  0|AC  0|TAMS 0x00000005ce000000, 0x00000005ce000000|
|  53|0x00000005ce200000, 0x00000005ce200000, 0x00000005ce400000|  0%| F|  |TS  0|AC  0|TAMS 0x00000005ce200000, 0x00000005ce200000|
|  54|0x00000005ce400000, 0x00000005ce400000, 0x00000005ce600000|  0%| F|  |TS  0|AC  0|TAMS 0x00000005ce400000, 0x00000005ce400000|
|  55|0x00000005ce600000, 0x00000005ce600000, 0x00000005ce800000|  0%| F|  |TS  0|AC  0|TAMS 0x00000005ce600000, 0x00000005ce600000|
|  56|0x00000005ce800000, 0x00000005ce800000, 0x00000005cea00000|  0%| F|  |TS  0|AC  0|TAMS 0x00000005ce800000, 0x00000005ce800000|
|  57|0x00000005cea00000, 0x00000005cea00000, 0x00000005cec00000|  0%| F|  |TS  0|AC  0|TAMS 0x00000005cea00000, 0x00000005cea00000|
|  58|0x00000005cec00000, 0x00000005cec00000, 0x00000005cee00000|  0%| F|  |TS  0|AC  0|TAMS 0x00000005cec00000, 0x00000005cec00000|
|  59|0x00000005cee00000, 0x00000005cee00000, 0x00000005cf000000|  0%| F|  |TS  0|AC  0|TAMS 0x00000005cee00000, 0x00000005cee00000|
|  60|0x00000005cf000000, 0x00000005cf000000, 0x00000005cf200000|  0%| F|  |TS  0|AC  0|TAMS 0x00000005cf000000, 0x00000005cf000000|
|  61|0x00000005cf200000, 0x00000005cf200000, 0x00000005cf400000|  0%| F|  |TS  0|AC  0|TAMS 0x00000005cf200000, 0x00000005cf200000|
|  62|0x00000005cf400000, 0x00000005cf400000, 0x00000005cf600000|  0%| F|  |TS  0|AC  0|TAMS 0x00000005cf400000, 0x00000005cf400000|
|  63|0x00000005cf600000, 0x00000005cf600000, 0x00000005cf800000|  0%| F|  |TS  0|AC  0|TAMS 0x00000005cf600000, 0x00000005cf600000|
|  64|0x00000005cf800000, 0x00000005cf800000, 0x00000005cfa00000|  0%| F|  |TS  0|AC  0|TAMS 0x00000005cf800000, 0x00000005cf800000|
|  65|0x00000005cfa00000, 0x00000005cfa00000, 0x00000005cfc00000|  0%| F|  |TS  0|AC  0|TAMS 0x00000005cfa00000, 0x00000005cfa00000|
|  66|0x00000005cfc00000, 0x00000005cfc00000, 0x00000005cfe00000|  0%| F|  |TS  0|AC  0|TAMS 0x00000005cfc00000, 0x00000005cfc00000|
|  67|0x00000005cfe00000, 0x00000005cfe00000, 0x00000005d0000000|  0%| F|  |TS  0|AC  0|TAMS 0x00000005cfe00000, 0x00000005cfe00000|
|  68|0x00000005d0000000, 0x00000005d0000000, 0x00000005d0200000|  0%| F|  |TS  0|AC  0|TAMS 0x00000005d0000000, 0x00000005d0000000|
|  69|0x00000005d0200000, 0x00000005d0200000, 0x00000005d0400000|  0%| F|  |TS  0|AC  0|TAMS 0x00000005d0200000, 0x00000005d0200000|
|  70|0x00000005d0400000, 0x00000005d0400000, 0x00000005d0600000|  0%| F|  |TS  0|AC  0|TAMS 0x00000005d0400000, 0x00000005d0400000|
|  71|0x00000005d0600000, 0x00000005d0600000, 0x00000005d0800000|  0%| F|  |TS  0|AC  0|TAMS 0x00000005d0600000, 0x00000005d0600000|
|  72|0x00000005d0800000, 0x00000005d0800000, 0x00000005d0a00000|  0%| F|  |TS  0|AC  0|TAMS 0x00000005d0800000, 0x00000005d0800000|
|  73|0x00000005d0a00000, 0x00000005d0a00000, 0x00000005d0c00000|  0%| F|  |TS  0|AC  0|TAMS 0x00000005d0a00000, 0x00000005d0a00000|
|  74|0x00000005d0c00000, 0x00000005d0c00000, 0x00000005d0e00000|  0%| F|  |TS  0|AC  0|TAMS 0x00000005d0c00000, 0x00000005d0c00000|
|  75|0x00000005d0e00000, 0x00000005d0e00000, 0x00000005d1000000|  0%| F|  |TS  0|AC  0|TAMS 0x00000005d0e00000, 0x00000005d0e00000|
|  76|0x00000005d1000000, 0x00000005d1000000, 0x00000005d1200000|  0%| F|  |TS  0|AC  0|TAMS 0x00000005d1000000, 0x00000005d1000000|
|  77|0x00000005d1200000, 0x00000005d1200000, 0x00000005d1400000|  0%| F|  |TS  0|AC  0|TAMS 0x00000005d1200000, 0x00000005d1200000|
|  78|0x00000005d1400000, 0x00000005d1400000, 0x00000005d1600000|  0%| F|  |TS  0|AC  0|TAMS 0x00000005d1400000, 0x00000005d1400000|
|  79|0x00000005d1600000, 0x00000005d1600000, 0x00000005d1800000|  0%| F|  |TS  0|AC  0|TAMS 0x00000005d1600000, 0x00000005d1600000|
|  80|0x00000005d1800000, 0x00000005d1800000, 0x00000005d1a00000|  0%| F|  |TS  0|AC  0|TAMS 0x00000005d1800000, 0x00000005d1800000|
|  81|0x00000005d1a00000, 0x00000005d1a00000, 0x00000005d1c00000|  0%| F|  |TS  0|AC  0|TAMS 0x00000005d1a00000, 0x00000005d1a00000|
|  82|0x00000005d1c00000, 0x00000005d1c00000, 0x00000005d1e00000|  0%| F|  |TS  0|AC  0|TAMS 0x00000005d1c00000, 0x00000005d1c00000|
|  83|0x00000005d1e00000, 0x00000005d1e00000, 0x00000005d2000000|  0%| F|  |TS  0|AC  0|TAMS 0x00000005d1e00000, 0x00000005d1e00000|
|  84|0x00000005d2000000, 0x00000005d2000000, 0x00000005d2200000|  0%| F|  |TS  0|AC  0|TAMS 0x00000005d2000000, 0x00000005d2000000|
|  85|0x00000005d2200000, 0x00000005d2200000, 0x00000005d2400000|  0%| F|  |TS  0|AC  0|TAMS 0x00000005d2200000, 0x00000005d2200000|
|  86|0x00000005d2400000, 0x00000005d2400000, 0x00000005d2600000|  0%| F|  |TS  0|AC  0|TAMS 0x00000005d2400000, 0x00000005d2400000|
|  87|0x00000005d2600000, 0x00000005d2600000, 0x00000005d2800000|  0%| F|  |TS  0|AC  0|TAMS 0x00000005d2600000, 0x00000005d2600000|
|  88|0x00000005d2800000, 0x00000005d2800000, 0x00000005d2a00000|  0%| F|  |TS  0|AC  0|TAMS 0x00000005d2800000, 0x00000005d2800000|
|  89|0x00000005d2a00000, 0x00000005d2a00000, 0x00000005d2c00000|  0%| F|  |TS  0|AC  0|TAMS 0x00000005d2a00000, 0x00000005d2a00000|
|  90|0x00000005d2c00000, 0x00000005d2c00000, 0x00000005d2e00000|  0%| F|  |TS  0|AC  0|TAMS 0x00000005d2c00000, 0x00000005d2c00000|
|  91|0x00000005d2e00000, 0x00000005d2e00000, 0x00000005d3000000|  0%| F|  |TS  0|AC  0|TAMS 0x00000005d2e00000, 0x00000005d2e00000|
|  92|0x00000005d3000000, 0x00000005d3000000, 0x00000005d3200000|  0%| F|  |TS  0|AC  0|TAMS 0x00000005d3000000, 0x00000005d3000000|
|  93|0x00000005d3200000, 0x00000005d3200000, 0x00000005d3400000|  0%| F|  |TS  0|AC  0|TAMS 0x00000005d3200000, 0x00000005d3200000|
|  94|0x00000005d3400000, 0x00000005d3400000, 0x00000005d3600000|  0%| F|  |TS  0|AC  0|TAMS 0x00000005d3400000, 0x00000005d3400000|
|  95|0x00000005d3600000, 0x00000005d3600000, 0x00000005d3800000|  0%| F|  |TS  0|AC  0|TAMS 0x00000005d3600000, 0x00000005d3600000|
|  96|0x00000005d3800000, 0x00000005d3800000, 0x00000005d3a00000|  0%| F|  |TS  0|AC  0|TAMS 0x00000005d3800000, 0x00000005d3800000|
|  97|0x00000005d3a00000, 0x00000005d3a00000, 0x00000005d3c00000|  0%| F|  |TS  0|AC  0|TAMS 0x00000005d3a00000, 0x00000005d3a00000|
|  98|0x00000005d3c00000, 0x00000005d3c00000, 0x00000005d3e00000|  0%| F|  |TS  0|AC  0|TAMS 0x00000005d3c00000, 0x00000005d3c00000|
|  99|0x00000005d3e00000, 0x00000005d3e00000, 0x00000005d4000000|  0%| F|  |TS  0|AC  0|TAMS 0x00000005d3e00000, 0x00000005d3e00000|
| 100|0x00000005d4000000, 0x00000005d4000000, 0x00000005d4200000|  0%| F|  |TS  0|AC  0|TAMS 0x00000005d4000000, 0x00000005d4000000|
| 101|0x00000005d4200000, 0x00000005d4200000, 0x00000005d4400000|  0%| F|  |TS  0|AC  0|TAMS 0x00000005d4200000, 0x00000005d4200000|
| 102|0x00000005d4400000, 0x00000005d4400000, 0x00000005d4600000|  0%| F|  |TS  0|AC  0|TAMS 0x00000005d4400000, 0x00000005d4400000|
| 103|0x00000005d4600000, 0x00000005d4600000, 0x00000005d4800000|  0%| F|  |TS  0|AC  0|TAMS 0x00000005d4600000, 0x00000005d4600000|
| 104|0x00000005d4800000, 0x00000005d4800000, 0x00000005d4a00000|  0%| F|  |TS  0|AC  0|TAMS 0x00000005d4800000, 0x00000005d4800000|
| 105|0x00000005d4a00000, 0x00000005d4a00000, 0x00000005d4c00000|  0%| F|  |TS  0|AC  0|TAMS 0x00000005d4a00000, 0x00000005d4a00000|
| 106|0x00000005d4c00000, 0x00000005d4c00000, 0x00000005d4e00000|  0%| F|  |TS  0|AC  0|TAMS 0x00000005d4c00000, 0x00000005d4c00000|
| 107|0x00000005d4e00000, 0x00000005d4e00000, 0x00000005d5000000|  0%| F|  |TS  0|AC  0|TAMS 0x00000005d4e00000, 0x00000005d4e00000|
| 108|0x00000005d5000000, 0x00000005d5000000, 0x00000005d5200000|  0%| F|  |TS  0|AC  0|TAMS 0x00000005d5000000, 0x00000005d5000000|
| 109|0x00000005d5200000, 0x00000005d5200000, 0x00000005d5400000|  0%| F|  |TS  0|AC  0|TAMS 0x00000005d5200000, 0x00000005d5200000|
| 110|0x00000005d5400000, 0x00000005d5400000, 0x00000005d5600000|  0%| F|  |TS  0|AC  0|TAMS 0x00000005d5400000, 0x00000005d5400000|
| 111|0x00000005d5600000, 0x00000005d5600000, 0x00000005d5800000|  0%| F|  |TS  0|AC  0|TAMS 0x00000005d5600000, 0x00000005d5600000|
| 112|0x00000005d5800000, 0x00000005d5800000, 0x00000005d5a00000|  0%| F|  |TS  0|AC  0|TAMS 0x00000005d5800000, 0x00000005d5800000|
| 113|0x00000005d5a00000, 0x00000005d5a00000, 0x00000005d5c00000|  0%| F|  |TS  0|AC  0|TAMS 0x00000005d5a00000, 0x00000005d5a00000|
| 114|0x00000005d5c00000, 0x00000005d5c00000, 0x00000005d5e00000|  0%| F|  |TS  0|AC  0|TAMS 0x00000005d5c00000, 0x00000005d5c00000|
| 115|0x00000005d5e00000, 0x00000005d5e00000, 0x00000005d6000000|  0%| F|  |TS  0|AC  0|TAMS 0x00000005d5e00000, 0x00000005d5e00000|
| 116|0x00000005d6000000, 0x00000005d6000000, 0x00000005d6200000|  0%| F|  |TS  0|AC  0|TAMS 0x00000005d6000000, 0x00000005d6000000|
| 117|0x00000005d6200000, 0x00000005d6200000, 0x00000005d6400000|  0%| F|  |TS  0|AC  0|TAMS 0x00000005d6200000, 0x00000005d6200000|
| 118|0x00000005d6400000, 0x00000005d6400000, 0x00000005d6600000|  0%| F|  |TS  0|AC  0|TAMS 0x00000005d6400000, 0x00000005d6400000|
| 119|0x00000005d6600000, 0x00000005d6600000, 0x00000005d6800000|  0%| F|  |TS  0|AC  0|TAMS 0x00000005d6600000, 0x00000005d6600000|
| 120|0x00000005d6800000, 0x00000005d6800000, 0x00000005d6a00000|  0%| F|  |TS  0|AC  0|TAMS 0x00000005d6800000, 0x00000005d6800000|
| 121|0x00000005d6a00000, 0x00000005d6a00000, 0x00000005d6c00000|  0%| F|  |TS  0|AC  0|TAMS 0x00000005d6a00000, 0x00000005d6a00000|
| 122|0x00000005d6c00000, 0x00000005d6c00000, 0x00000005d6e00000|  0%| F|  |TS  0|AC  0|TAMS 0x00000005d6c00000, 0x00000005d6c00000|
| 123|0x00000005d6e00000, 0x00000005d6e00000, 0x00000005d7000000|  0%| F|  |TS  0|AC  0|TAMS 0x00000005d6e00000, 0x00000005d6e00000|
| 124|0x00000005d7000000, 0x00000005d7000000, 0x00000005d7200000|  0%| F|  |TS  0|AC  0|TAMS 0x00000005d7000000, 0x00000005d7000000|
| 125|0x00000005d7200000, 0x00000005d7200000, 0x00000005d7400000|  0%| F|  |TS  0|AC  0|TAMS 0x00000005d7200000, 0x00000005d7200000|
| 126|0x00000005d7400000, 0x00000005d7400000, 0x00000005d7600000|  0%| F|  |TS  0|AC  0|TAMS 0x00000005d7400000, 0x00000005d7400000|
| 127|0x00000005d7600000, 0x00000005d7600000, 0x00000005d7800000|  0%| F|  |TS  0|AC  0|TAMS 0x00000005d7600000, 0x00000005d7600000|
| 128|0x00000005d7800000, 0x00000005d7800000, 0x00000005d7a00000|  0%| F|  |TS  0|AC  0|TAMS 0x00000005d7800000, 0x00000005d7800000|
| 129|0x00000005d7a00000, 0x00000005d7a00000, 0x00000005d7c00000|  0%| F|  |TS  0|AC  0|TAMS 0x00000005d7a00000, 0x00000005d7a00000|
| 130|0x00000005d7c00000, 0x00000005d7c00000, 0x00000005d7e00000|  0%| F|  |TS  0|AC  0|TAMS 0x00000005d7c00000, 0x00000005d7c00000|
| 131|0x00000005d7e00000, 0x00000005d7e00000, 0x00000005d8000000|  0%| F|  |TS  0|AC  0|TAMS 0x00000005d7e00000, 0x00000005d7e00000|
| 132|0x00000005d8000000, 0x00000005d8000000, 0x00000005d8200000|  0%| F|  |TS  0|AC  0|TAMS 0x00000005d8000000, 0x00000005d8000000|
| 133|0x00000005d8200000, 0x00000005d8200000, 0x00000005d8400000|  0%| F|  |TS  0|AC  0|TAMS 0x00000005d8200000, 0x00000005d8200000|
| 134|0x00000005d8400000, 0x00000005d8400000, 0x00000005d8600000|  0%| F|  |TS  0|AC  0|TAMS 0x00000005d8400000, 0x00000005d8400000|
| 135|0x00000005d8600000, 0x00000005d8600000, 0x00000005d8800000|  0%| F|  |TS  0|AC  0|TAMS 0x00000005d8600000, 0x00000005d8600000|
| 136|0x00000005d8800000, 0x00000005d8800000, 0x00000005d8a00000|  0%| F|  |TS  0|AC  0|TAMS 0x00000005d8800000, 0x00000005d8800000|
| 137|0x00000005d8a00000, 0x00000005d8a00000, 0x00000005d8c00000|  0%| F|  |TS  0|AC  0|TAMS 0x00000005d8a00000, 0x00000005d8a00000|
| 138|0x00000005d8c00000, 0x00000005d8c00000, 0x00000005d8e00000|  0%| F|  |TS  0|AC  0|TAMS 0x00000005d8c00000, 0x00000005d8c00000|
| 139|0x00000005d8e00000, 0x00000005d8e00000, 0x00000005d9000000|  0%| F|  |TS  0|AC  0|TAMS 0x00000005d8e00000, 0x00000005d8e00000|
| 140|0x00000005d9000000, 0x00000005d9000000, 0x00000005d9200000|  0%| F|  |TS  0|AC  0|TAMS 0x00000005d9000000, 0x00000005d9000000|
| 141|0x00000005d9200000, 0x00000005d9200000, 0x00000005d9400000|  0%| F|  |TS  0|AC  0|TAMS 0x00000005d9200000, 0x00000005d9200000|
| 142|0x00000005d9400000, 0x00000005d9400000, 0x00000005d9600000|  0%| F|  |TS  0|AC  0|TAMS 0x00000005d9400000, 0x00000005d9400000|
| 143|0x00000005d9600000, 0x00000005d9600000, 0x00000005d9800000|  0%| F|  |TS  0|AC  0|TAMS 0x00000005d9600000, 0x00000005d9600000|
| 144|0x00000005d9800000, 0x00000005d9800000, 0x00000005d9a00000|  0%| F|  |TS  0|AC  0|TAMS 0x00000005d9800000, 0x00000005d9800000|
| 145|0x00000005d9a00000, 0x00000005d9a00000, 0x00000005d9c00000|  0%| F|  |TS  0|AC  0|TAMS 0x00000005d9a00000, 0x00000005d9a00000|
| 146|0x00000005d9c00000, 0x00000005d9c00000, 0x00000005d9e00000|  0%| F|  |TS  0|AC  0|TAMS 0x00000005d9c00000, 0x00000005d9c00000|
| 147|0x00000005d9e00000, 0x00000005d9e00000, 0x00000005da000000|  0%| F|  |TS  0|AC  0|TAMS 0x00000005d9e00000, 0x00000005d9e00000|
| 148|0x00000005da000000, 0x00000005da000000, 0x00000005da200000|  0%| F|  |TS  0|AC  0|TAMS 0x00000005da000000, 0x00000005da000000|
| 149|0x00000005da200000, 0x00000005da200000, 0x00000005da400000|  0%| F|  |TS  0|AC  0|TAMS 0x00000005da200000, 0x00000005da200000|
| 150|0x00000005da400000, 0x00000005da400000, 0x00000005da600000|  0%| F|  |TS  0|AC  0|TAMS 0x00000005da400000, 0x00000005da400000|
| 151|0x00000005da600000, 0x00000005da600000, 0x00000005da800000|  0%| F|  |TS  0|AC  0|TAMS 0x00000005da600000, 0x00000005da600000|
| 152|0x00000005da800000, 0x00000005da800000, 0x00000005daa00000|  0%| F|  |TS  0|AC  0|TAMS 0x00000005da800000, 0x00000005da800000|
| 153|0x00000005daa00000, 0x00000005daa00000, 0x00000005dac00000|  0%| F|  |TS  0|AC  0|TAMS 0x00000005daa00000, 0x00000005daa00000|
| 154|0x00000005dac00000, 0x00000005dac00000, 0x00000005dae00000|  0%| F|  |TS  0|AC  0|TAMS 0x00000005dac00000, 0x00000005dac00000|
| 155|0x00000005dae00000, 0x00000005dae00000, 0x00000005db000000|  0%| F|  |TS  0|AC  0|TAMS 0x00000005dae00000, 0x00000005dae00000|
| 156|0x00000005db000000, 0x00000005db000000, 0x00000005db200000|  0%| F|  |TS  0|AC  0|TAMS 0x00000005db000000, 0x00000005db000000|
| 157|0x00000005db200000, 0x00000005db200000, 0x00000005db400000|  0%| F|  |TS  0|AC  0|TAMS 0x00000005db200000, 0x00000005db200000|
| 158|0x00000005db400000, 0x00000005db400000, 0x00000005db600000|  0%| F|  |TS  0|AC  0|TAMS 0x00000005db400000, 0x00000005db400000|
| 159|0x00000005db600000, 0x00000005db600000, 0x00000005db800000|  0%| F|  |TS  0|AC  0|TAMS 0x00000005db600000, 0x00000005db600000|
| 160|0x00000005db800000, 0x00000005db800000, 0x00000005dba00000|  0%| F|  |TS  0|AC  0|TAMS 0x00000005db800000, 0x00000005db800000|
| 161|0x00000005dba00000, 0x00000005dba00000, 0x00000005dbc00000|  0%| F|  |TS  0|AC  0|TAMS 0x00000005dba00000, 0x00000005dba00000|
| 162|0x00000005dbc00000, 0x00000005dbc00000, 0x00000005dbe00000|  0%| F|  |TS  0|AC  0|TAMS 0x00000005dbc00000, 0x00000005dbc00000|
| 163|0x00000005dbe00000, 0x00000005dbe00000, 0x00000005dc000000|  0%| F|  |TS  0|AC  0|TAMS 0x00000005dbe00000, 0x00000005dbe00000|
| 164|0x00000005dc000000, 0x00000005dc000000, 0x00000005dc200000|  0%| F|  |TS  0|AC  0|TAMS 0x00000005dc000000, 0x00000005dc000000|
| 165|0x00000005dc200000, 0x00000005dc200000, 0x00000005dc400000|  0%| F|  |TS  0|AC  0|TAMS 0x00000005dc200000, 0x00000005dc200000|
| 166|0x00000005dc400000, 0x00000005dc400000, 0x00000005dc600000|  0%| F|  |TS  0|AC  0|TAMS 0x00000005dc400000, 0x00000005dc400000|
| 167|0x00000005dc600000, 0x00000005dc600000, 0x00000005dc800000|  0%| F|  |TS  0|AC  0|TAMS 0x00000005dc600000, 0x00000005dc600000|
| 168|0x00000005dc800000, 0x00000005dc800000, 0x00000005dca00000|  0%| F|  |TS  0|AC  0|TAMS 0x00000005dc800000, 0x00000005dc800000|
| 169|0x00000005dca00000, 0x00000005dca00000, 0x00000005dcc00000|  0%| F|  |TS  0|AC  0|TAMS 0x00000005dca00000, 0x00000005dca00000|
| 170|0x00000005dcc00000, 0x00000005dcc00000, 0x00000005dce00000|  0%| F|  |TS  0|AC  0|TAMS 0x00000005dcc00000, 0x00000005dcc00000|
| 171|0x00000005dce00000, 0x00000005dce00000, 0x00000005dd000000|  0%| F|  |TS  0|AC  0|TAMS 0x00000005dce00000, 0x00000005dce00000|
| 172|0x00000005dd000000, 0x00000005dd000000, 0x00000005dd200000|  0%| F|  |TS  0|AC  0|TAMS 0x00000005dd000000, 0x00000005dd000000|
| 173|0x00000005dd200000, 0x00000005dd200000, 0x00000005dd400000|  0%| F|  |TS  0|AC  0|TAMS 0x00000005dd200000, 0x00000005dd200000|
| 174|0x00000005dd400000, 0x00000005dd400000, 0x00000005dd600000|  0%| F|  |TS  0|AC  0|TAMS 0x00000005dd400000, 0x00000005dd400000|
| 175|0x00000005dd600000, 0x00000005dd600000, 0x00000005dd800000|  0%| F|  |TS  0|AC  0|TAMS 0x00000005dd600000, 0x00000005dd600000|
| 176|0x00000005dd800000, 0x00000005dd800000, 0x00000005dda00000|  0%| F|  |TS  0|AC  0|TAMS 0x00000005dd800000, 0x00000005dd800000|
| 177|0x00000005dda00000, 0x00000005dda00000, 0x00000005ddc00000|  0%| F|  |TS  0|AC  0|TAMS 0x00000005dda00000, 0x00000005dda00000|
| 178|0x00000005ddc00000, 0x00000005ddc00000, 0x00000005dde00000|  0%| F|  |TS  0|AC  0|TAMS 0x00000005ddc00000, 0x00000005ddc00000|
| 179|0x00000005dde00000, 0x00000005dde00000, 0x00000005de000000|  0%| F|  |TS  0|AC  0|TAMS 0x00000005dde00000, 0x00000005dde00000|
| 180|0x00000005de000000, 0x00000005de000000, 0x00000005de200000|  0%| F|  |TS  0|AC  0|TAMS 0x00000005de000000, 0x00000005de000000|
| 181|0x00000005de200000, 0x00000005de200000, 0x00000005de400000|  0%| F|  |TS  0|AC  0|TAMS 0x00000005de200000, 0x00000005de200000|
| 182|0x00000005de400000, 0x00000005de400000, 0x00000005de600000|  0%| F|  |TS  0|AC  0|TAMS 0x00000005de400000, 0x00000005de400000|
| 183|0x00000005de600000, 0x00000005de600000, 0x00000005de800000|  0%| F|  |TS  0|AC  0|TAMS 0x00000005de600000, 0x00000005de600000|
| 184|0x00000005de800000, 0x00000005de800000, 0x00000005dea00000|  0%| F|  |TS  0|AC  0|TAMS 0x00000005de800000, 0x00000005de800000|
| 185|0x00000005dea00000, 0x00000005dea00000, 0x00000005dec00000|  0%| F|  |TS  0|AC  0|TAMS 0x00000005dea00000, 0x00000005dea00000|
| 186|0x00000005dec00000, 0x00000005dec00000, 0x00000005dee00000|  0%| F|  |TS  0|AC  0|TAMS 0x00000005dec00000, 0x00000005dec00000|
| 187|0x00000005dee00000, 0x00000005dee00000, 0x00000005df000000|  0%| F|  |TS  0|AC  0|TAMS 0x00000005dee00000, 0x00000005dee00000|
| 188|0x00000005df000000, 0x00000005df000000, 0x00000005df200000|  0%| F|  |TS  0|AC  0|TAMS 0x00000005df000000, 0x00000005df000000|
| 189|0x00000005df200000, 0x00000005df200000, 0x00000005df400000|  0%| F|  |TS  0|AC  0|TAMS 0x00000005df200000, 0x00000005df200000|
| 190|0x00000005df400000, 0x00000005df400000, 0x00000005df600000|  0%| F|  |TS  0|AC  0|TAMS 0x00000005df400000, 0x00000005df400000|
| 191|0x00000005df600000, 0x00000005df600000, 0x00000005df800000|  0%| F|  |TS  0|AC  0|TAMS 0x00000005df600000, 0x00000005df600000|
| 192|0x00000005df800000, 0x00000005df800000, 0x00000005dfa00000|  0%| F|  |TS  0|AC  0|TAMS 0x00000005df800000, 0x00000005df800000|
| 193|0x00000005dfa00000, 0x00000005dfa00000, 0x00000005dfc00000|  0%| F|  |TS  0|AC  0|TAMS 0x00000005dfa00000, 0x00000005dfa00000|
| 194|0x00000005dfc00000, 0x00000005dfc00000, 0x00000005dfe00000|  0%| F|  |TS  0|AC  0|TAMS 0x00000005dfc00000, 0x00000005dfc00000|
| 195|0x00000005dfe00000, 0x00000005dfe00000, 0x00000005e0000000|  0%| F|  |TS  0|AC  0|TAMS 0x00000005dfe00000, 0x00000005dfe00000|
| 196|0x00000005e0000000, 0x00000005e0000000, 0x00000005e0200000|  0%| F|  |TS  0|AC  0|TAMS 0x00000005e0000000, 0x00000005e0000000|
| 197|0x00000005e0200000, 0x00000005e0200000, 0x00000005e0400000|  0%| F|  |TS  0|AC  0|TAMS 0x00000005e0200000, 0x00000005e0200000|
| 198|0x00000005e0400000, 0x00000005e0400000, 0x00000005e0600000|  0%| F|  |TS  0|AC  0|TAMS 0x00000005e0400000, 0x00000005e0400000|
| 199|0x00000005e0600000, 0x00000005e0600000, 0x00000005e0800000|  0%| F|  |TS  0|AC  0|TAMS 0x00000005e0600000, 0x00000005e0600000|
| 200|0x00000005e0800000, 0x00000005e0800000, 0x00000005e0a00000|  0%| F|  |TS  0|AC  0|TAMS 0x00000005e0800000, 0x00000005e0800000|
| 201|0x00000005e0a00000, 0x00000005e0a00000, 0x00000005e0c00000|  0%| F|  |TS  0|AC  0|TAMS 0x00000005e0a00000, 0x00000005e0a00000|
| 202|0x00000005e0c00000, 0x00000005e0c00000, 0x00000005e0e00000|  0%| F|  |TS  0|AC  0|TAMS 0x00000005e0c00000, 0x00000005e0c00000|
| 203|0x00000005e0e00000, 0x00000005e0e00000, 0x00000005e1000000|  0%| F|  |TS  0|AC  0|TAMS 0x00000005e0e00000, 0x00000005e0e00000|
| 204|0x00000005e1000000, 0x00000005e1000000, 0x00000005e1200000|  0%| F|  |TS  0|AC  0|TAMS 0x00000005e1000000, 0x00000005e1000000|
| 205|0x00000005e1200000, 0x00000005e1200000, 0x00000005e1400000|  0%| F|  |TS  0|AC  0|TAMS 0x00000005e1200000, 0x00000005e1200000|
| 206|0x00000005e1400000, 0x00000005e1400000, 0x00000005e1600000|  0%| F|  |TS  0|AC  0|TAMS 0x00000005e1400000, 0x00000005e1400000|
| 207|0x00000005e1600000, 0x00000005e1600000, 0x00000005e1800000|  0%| F|  |TS  0|AC  0|TAMS 0x00000005e1600000, 0x00000005e1600000|
| 208|0x00000005e1800000, 0x00000005e1800000, 0x00000005e1a00000|  0%| F|  |TS  0|AC  0|TAMS 0x00000005e1800000, 0x00000005e1800000|
| 209|0x00000005e1a00000, 0x00000005e1a00000, 0x00000005e1c00000|  0%| F|  |TS  0|AC  0|TAMS 0x00000005e1a00000, 0x00000005e1a00000|
| 210|0x00000005e1c00000, 0x00000005e1c00000, 0x00000005e1e00000|  0%| F|  |TS  0|AC  0|TAMS 0x00000005e1c00000, 0x00000005e1c00000|
| 211|0x00000005e1e00000, 0x00000005e1e00000, 0x00000005e2000000|  0%| F|  |TS  0|AC  0|TAMS 0x00000005e1e00000, 0x00000005e1e00000|
| 212|0x00000005e2000000, 0x00000005e2000000, 0x00000005e2200000|  0%| F|  |TS  0|AC  0|TAMS 0x00000005e2000000, 0x00000005e2000000|
| 213|0x00000005e2200000, 0x00000005e2200000, 0x00000005e2400000|  0%| F|  |TS  0|AC  0|TAMS 0x00000005e2200000, 0x00000005e2200000|
| 214|0x00000005e2400000, 0x00000005e2400000, 0x00000005e2600000|  0%| F|  |TS  0|AC  0|TAMS 0x00000005e2400000, 0x00000005e2400000|
| 215|0x00000005e2600000, 0x00000005e2600000, 0x00000005e2800000|  0%| F|  |TS  0|AC  0|TAMS 0x00000005e2600000, 0x00000005e2600000|
| 216|0x00000005e2800000, 0x00000005e2800000, 0x00000005e2a00000|  0%| F|  |TS  0|AC  0|TAMS 0x00000005e2800000, 0x00000005e2800000|
| 217|0x00000005e2a00000, 0x00000005e2a00000, 0x00000005e2c00000|  0%| F|  |TS  0|AC  0|TAMS 0x00000005e2a00000, 0x00000005e2a00000|
| 218|0x00000005e2c00000, 0x00000005e2c00000, 0x00000005e2e00000|  0%| F|  |TS  0|AC  0|TAMS 0x00000005e2c00000, 0x00000005e2c00000|
| 219|0x00000005e2e00000, 0x00000005e2e00000, 0x00000005e3000000|  0%| F|  |TS  0|AC  0|TAMS 0x00000005e2e00000, 0x00000005e2e00000|
| 220|0x00000005e3000000, 0x00000005e3000000, 0x00000005e3200000|  0%| F|  |TS  0|AC  0|TAMS 0x00000005e3000000, 0x00000005e3000000|
| 221|0x00000005e3200000, 0x00000005e3200000, 0x00000005e3400000|  0%| F|  |TS  0|AC  0|TAMS 0x00000005e3200000, 0x00000005e3200000|
| 222|0x00000005e3400000, 0x00000005e3400000, 0x00000005e3600000|  0%| F|  |TS  0|AC  0|TAMS 0x00000005e3400000, 0x00000005e3400000|
| 223|0x00000005e3600000, 0x00000005e3600000, 0x00000005e3800000|  0%| F|  |TS  0|AC  0|TAMS 0x00000005e3600000, 0x00000005e3600000|
| 224|0x00000005e3800000, 0x00000005e3800000, 0x00000005e3a00000|  0%| F|  |TS  0|AC  0|TAMS 0x00000005e3800000, 0x00000005e3800000|
| 225|0x00000005e3a00000, 0x00000005e3a00000, 0x00000005e3c00000|  0%| F|  |TS  0|AC  0|TAMS 0x00000005e3a00000, 0x00000005e3a00000|
| 226|0x00000005e3c00000, 0x00000005e3c00000, 0x00000005e3e00000|  0%| F|  |TS  0|AC  0|TAMS 0x00000005e3c00000, 0x00000005e3c00000|
| 227|0x00000005e3e00000, 0x00000005e3e00000, 0x00000005e4000000|  0%| F|  |TS  0|AC  0|TAMS 0x00000005e3e00000, 0x00000005e3e00000|
| 228|0x00000005e4000000, 0x00000005e4000000, 0x00000005e4200000|  0%| F|  |TS  0|AC  0|TAMS 0x00000005e4000000, 0x00000005e4000000|
| 229|0x00000005e4200000, 0x00000005e4200000, 0x00000005e4400000|  0%| F|  |TS  0|AC  0|TAMS 0x00000005e4200000, 0x00000005e4200000|
| 230|0x00000005e4400000, 0x00000005e4400000, 0x00000005e4600000|  0%| F|  |TS  0|AC  0|TAMS 0x00000005e4400000, 0x00000005e4400000|
| 231|0x00000005e4600000, 0x00000005e4600000, 0x00000005e4800000|  0%| F|  |TS  0|AC  0|TAMS 0x00000005e4600000, 0x00000005e4600000|
| 232|0x00000005e4800000, 0x00000005e4800000, 0x00000005e4a00000|  0%| F|  |TS  0|AC  0|TAMS 0x00000005e4800000, 0x00000005e4800000|
| 233|0x00000005e4a00000, 0x00000005e4a00000, 0x00000005e4c00000|  0%| F|  |TS  0|AC  0|TAMS 0x00000005e4a00000, 0x00000005e4a00000|
| 234|0x00000005e4c00000, 0x00000005e4c00000, 0x00000005e4e00000|  0%| F|  |TS  0|AC  0|TAMS 0x00000005e4c00000, 0x00000005e4c00000|
| 235|0x00000005e4e00000, 0x00000005e4e00000, 0x00000005e5000000|  0%| F|  |TS  0|AC  0|TAMS 0x00000005e4e00000, 0x00000005e4e00000|
| 236|0x00000005e5000000, 0x00000005e5000000, 0x00000005e5200000|  0%| F|  |TS  0|AC  0|TAMS 0x00000005e5000000, 0x00000005e5000000|
| 237|0x00000005e5200000, 0x00000005e5200000, 0x00000005e5400000|  0%| F|  |TS  0|AC  0|TAMS 0x00000005e5200000, 0x00000005e5200000|
| 238|0x00000005e5400000, 0x00000005e5400000, 0x00000005e5600000|  0%| F|  |TS  0|AC  0|TAMS 0x00000005e5400000, 0x00000005e5400000|
| 239|0x00000005e5600000, 0x00000005e5600000, 0x00000005e5800000|  0%| F|  |TS  0|AC  0|TAMS 0x00000005e5600000, 0x00000005e5600000|
| 240|0x00000005e5800000, 0x00000005e5800000, 0x00000005e5a00000|  0%| F|  |TS  0|AC  0|TAMS 0x00000005e5800000, 0x00000005e5800000|
| 241|0x00000005e5a00000, 0x00000005e5a00000, 0x00000005e5c00000|  0%| F|  |TS  0|AC  0|TAMS 0x00000005e5a00000, 0x00000005e5a00000|
| 242|0x00000005e5c00000, 0x00000005e5c00000, 0x00000005e5e00000|  0%| F|  |TS  0|AC  0|TAMS 0x00000005e5c00000, 0x00000005e5c00000|
| 243|0x00000005e5e00000, 0x00000005e5e00000, 0x00000005e6000000|  0%| F|  |TS  0|AC  0|TAMS 0x00000005e5e00000, 0x00000005e5e00000|
| 244|0x00000005e6000000, 0x00000005e6000000, 0x00000005e6200000|  0%| F|  |TS  0|AC  0|TAMS 0x00000005e6000000, 0x00000005e6000000|
| 245|0x00000005e6200000, 0x00000005e6200000, 0x00000005e6400000|  0%| F|  |TS  0|AC  0|TAMS 0x00000005e6200000, 0x00000005e6200000|
| 246|0x00000005e6400000, 0x00000005e6400000, 0x00000005e6600000|  0%| F|  |TS  0|AC  0|TAMS 0x00000005e6400000, 0x00000005e6400000|
| 247|0x00000005e6600000, 0x00000005e6600000, 0x00000005e6800000|  0%| F|  |TS  0|AC  0|TAMS 0x00000005e6600000, 0x00000005e6600000|
| 248|0x00000005e6800000, 0x00000005e6800000, 0x00000005e6a00000|  0%| F|  |TS  0|AC  0|TAMS 0x00000005e6800000, 0x00000005e6800000|
| 249|0x00000005e6a00000, 0x00000005e6a00000, 0x00000005e6c00000|  0%| F|  |TS  0|AC  0|TAMS 0x00000005e6a00000, 0x00000005e6a00000|
| 250|0x00000005e6c00000, 0x00000005e6c7b638, 0x00000005e6e00000| 24%| E|  |TS  0|AC  0|TAMS 0x00000005e6c00000, 0x00000005e6c00000|
| 251|0x00000005e6e00000, 0x00000005e7000000, 0x00000005e7000000|100%| E|CS|TS  0|AC  0|TAMS 0x00000005e6e00000, 0x00000005e6e00000|
| 252|0x00000005e7000000, 0x00000005e7200000, 0x00000005e7200000|100%| E|CS|TS  0|AC  0|TAMS 0x00000005e7000000, 0x00000005e7000000|

Card table byte_map: [0x000001afcf310000,0x000001afd02e0000] byte_map_base: 0x000001afcc4d4000

Marking Bits (Prev, Next): (CMBitMap*) 0x000001afb305e7b0, (CMBitMap*) 0x000001afb305e7e8
 Prev Bits: [0x000001afd12b0000, 0x000001afd90d0000)
 Next Bits: [0x000001afd90d0000, 0x000001afe0ef0000)

Polling page: 0x000001afb0830000

CodeHeap 'non-profiled nmethods': size=120000Kb used=79Kb max_used=79Kb free=119920Kb
 bounds [0x000001afc5190000, 0x000001afc5400000, 0x000001afcc6c0000]
CodeHeap 'profiled nmethods': size=120000Kb used=326Kb max_used=326Kb free=119673Kb
 bounds [0x000001afbdc60000, 0x000001afbded0000, 0x000001afc5190000]
CodeHeap 'non-nmethods': size=5760Kb used=1198Kb max_used=1209Kb free=4561Kb
 bounds [0x000001afbd6c0000, 0x000001afbd930000, 0x000001afbdc60000]
 total_blobs=650 nmethods=233 adapters=252
 compilation: enabled

Compilation events (10 events):
Event: 0.396 Thread 0x000001afe3fed000  227       3       java.lang.AbstractStringBuilder::checkRange (60 bytes)
Event: 0.396 Thread 0x000001afe3fea000  231       4       java.lang.String::charAt (25 bytes)
Event: 0.397 Thread 0x000001afe3fed000 nmethod 227 0x000001afbdcae090 code [0x000001afbdcae340, 0x000001afbdcaf2c0]
Event: 0.397 Thread 0x000001afe3fed000  232       3       jdk.internal.org.objectweb.asm.Item::<init> (66 bytes)
Event: 0.397 Thread 0x000001afe3fed000 nmethod 232 0x000001afbdcafa10 code [0x000001afbdcafbc0, 0x000001afbdcafef8]
Event: 0.397 Thread 0x000001afe3fed000  230       3       java.lang.invoke.MethodTypeForm::canonicalize (233 bytes)
Event: 0.398 Thread 0x000001afe3fea000 nmethod 231 0x000001afc51a3a90 code [0x000001afc51a3c20, 0x000001afc51a3d08]
Event: 0.399 Thread 0x000001afe3fed000 nmethod 230 0x000001afbdcb0110 code [0x000001afbdcb0380, 0x000001afbdcb0f40]
Event: 0.399 Thread 0x000001afe3fed000  233       3       java.lang.Class::getComponentType (14 bytes)
Event: 0.399 Thread 0x000001afe3fed000 nmethod 233 0x000001afbdcb1610 code [0x000001afbdcb17c0, 0x000001afbdcb1a30]

GC Heap History (0 events):
No events

Deoptimization events (2 events):
Event: 0.272 Thread 0x000001afb094c800 Uncommon trap: reason=range_check action=reinterpret pc=0x000001afc5194ff0 method=java.lang.StringLatin1.indexOf([BII)I @ 13 c2
Event: 0.375 Thread 0x000001afe4bac000 Uncommon trap: reason=unstable_if action=reinterpret pc=0x000001afc5192d1c method=java.lang.String.charAt(I)C @ 4 c2

Classes redefined (0 events):
No events

Internal exceptions (1 events):
Event: 0.371 Thread 0x000001afb094c800 Exception <a 'java/lang/NoSuchMethodError'{0x00000005e6f5e5c0}: java.lang.invoke.DirectMethodHandle$Holder.invokeStaticInit(Ljava/lang/Object;Ljava/lang/Object;Ljava/lang/Object;)Ljava/lang/Object;> (0x00000005e6f5e5c0) thrown at [t:/workspace/hotspot/src

Events (10 events):
Event: 0.395 loading class sun/security/action/GetBooleanAction
Event: 0.395 loading class sun/security/action/GetBooleanAction done
Event: 0.396 loading class java/security/AllPermissionCollection
Event: 0.396 loading class java/security/AllPermissionCollection done
Event: 0.398 loading class jdk/jfr/internal/JVM
Event: 0.398 loading class jdk/jfr/internal/JVM done
Event: 0.398 loading class jdk/jfr/internal/LogTag
Event: 0.399 loading class jdk/jfr/internal/LogTag done
Event: 0.399 loading class jdk/jfr/internal/Options
Event: 0.399 loading class jdk/jfr/internal/Options done


Dynamic libraries:
0x00007ff6b7880000 - 0x00007ff6b78be000 	C:\Program Files\Java\jdk-9.0.1\bin\java.exe
0x00007ff9df710000 - 0x00007ff9df908000 	C:\windows\SYSTEM32\ntdll.dll
0x00007ff9ddfe0000 - 0x00007ff9de09f000 	C:\windows\System32\KERNEL32.DLL
0x00007ff9dd370000 - 0x00007ff9dd642000 	C:\windows\System32\KERNELBASE.dll
0x00007ff9df450000 - 0x00007ff9df4fe000 	C:\windows\System32\ADVAPI32.dll
0x00007ff9dd7f0000 - 0x00007ff9dd88e000 	C:\windows\System32\msvcrt.dll
0x00007ff9decc0000 - 0x00007ff9ded5c000 	C:\windows\System32\sechost.dll
0x00007ff9df590000 - 0x00007ff9df6b4000 	C:\windows\System32\RPCRT4.dll
0x00007ff9dd910000 - 0x00007ff9ddab1000 	C:\windows\System32\USER32.dll
0x00007ff9dd110000 - 0x00007ff9dd132000 	C:\windows\System32\win32u.dll
0x00007ff9df420000 - 0x00007ff9df44b000 	C:\windows\System32\GDI32.dll
0x00007ff9dd650000 - 0x00007ff9dd75f000 	C:\windows\System32\gdi32full.dll
0x00007ff9dce10000 - 0x00007ff9dcead000 	C:\windows\System32\msvcp_win.dll
0x00007ff9dceb0000 - 0x00007ff9dcfb0000 	C:\windows\System32\ucrtbase.dll
0x00007ff9c2760000 - 0x00007ff9c29fa000 	C:\windows\WinSxS\amd64_microsoft.windows.common-controls_6595b64144ccf1df_6.0.19041.1110_none_60b5254171f9507e\COMCTL32.dll
0x00007ff9d15f0000 - 0x00007ff9d15fa000 	C:\windows\SYSTEM32\VERSION.dll
0x00007ff9dd760000 - 0x00007ff9dd790000 	C:\windows\System32\IMM32.DLL
0x00007ff9795a0000 - 0x00007ff97968f000 	C:\Program Files\Java\jdk-9.0.1\bin\msvcr120.dll
0x00007ff97dab0000 - 0x00007ff97db56000 	C:\Program Files\Java\jdk-9.0.1\bin\msvcp120.dll
0x0000000071f20000 - 0x0000000072944000 	C:\Program Files\Java\jdk-9.0.1\bin\server\jvm.dll
0x00007ff9df410000 - 0x00007ff9df418000 	C:\windows\System32\PSAPI.DLL
0x00007ff9bb320000 - 0x00007ff9bb329000 	C:\windows\SYSTEM32\WSOCK32.dll
0x00007ff9c3a90000 - 0x00007ff9c3ab7000 	C:\windows\SYSTEM32\WINMM.dll
0x00007ff9ddd90000 - 0x00007ff9dddfb000 	C:\windows\System32\WS2_32.dll
0x00007ff9d46f0000 - 0x00007ff9d46ff000 	C:\Program Files\Java\jdk-9.0.1\bin\verify.dll
0x00007ff9c04a0000 - 0x00007ff9c04c7000 	C:\Program Files\Java\jdk-9.0.1\bin\java.dll
0x00007ff9be2d0000 - 0x00007ff9be2fa000 	C:\Program Files\Java\jdk-9.0.1\bin\instrument.dll
0x00007ff9618c0000 - 0x00007ff961b14000 	C:\Users\86138\AppData\Local\Temp\libasyncProfiler.dll
0x00007ff9be9c0000 - 0x00007ff9be9d6000 	C:\Program Files\Java\jdk-9.0.1\bin\zip.dll
0x00007ff9c0c70000 - 0x00007ff9c0c7a000 	C:\Program Files\Java\jdk-9.0.1\bin\jimage.dll
0x00007ff9de570000 - 0x00007ff9decb5000 	C:\windows\System32\SHELL32.dll
0x00007ff9d7330000 - 0x00007ff9d7ac2000 	C:\windows\SYSTEM32\windows.storage.dll
0x00007ff9de100000 - 0x00007ff9de455000 	C:\windows\System32\combase.dll
0x00007ff9dc870000 - 0x00007ff9dc8a0000 	C:\windows\SYSTEM32\Wldp.dll
0x00007ff9dded0000 - 0x00007ff9ddf7d000 	C:\windows\System32\SHCORE.dll
0x00007ff9dd790000 - 0x00007ff9dd7e5000 	C:\windows\System32\shlwapi.dll
0x00007ff9dcd50000 - 0x00007ff9dcd6f000 	C:\windows\SYSTEM32\profapi.dll
0x00007ff9ab5d0000 - 0x00007ff9ab5ea000 	C:\Program Files\Java\jdk-9.0.1\bin\net.dll
0x00007ff9d61a0000 - 0x00007ff9d62aa000 	C:\windows\SYSTEM32\WINHTTP.dll
0x00007ff9dc5d0000 - 0x00007ff9dc63a000 	C:\windows\system32\mswsock.dll
0x00007ff9aaec0000 - 0x00007ff9aaed1000 	C:\Program Files\Java\jdk-9.0.1\bin\nio.dll
0x00007ff9c0cb0000 - 0x00007ff9c0cca000 	C:\Program Files\JetBrains\IntelliJ IDEA 2023.1\bin\breakgen64.dll
0x00007ff9d7ae0000 - 0x00007ff9d7cc4000 	C:\windows\SYSTEM32\dbghelp.dll
0x00007ff9dd1c0000 - 0x00007ff9dd242000 	C:\windows\System32\bcryptPrimitives.dll

VM Arguments:
jvm_args: -ea -Didea.test.cyclic.buffer.size=1048576 -javaagent:C:\Program Files\JetBrains\IntelliJ IDEA 2023.1\lib\idea_rt.jar=35146:C:\Program Files\JetBrains\IntelliJ IDEA 2023.1\bin -agentpath:C:\Users\86138\AppData\Local\Temp\libasyncProfiler.dll=start,jfr,event=cpu,interval=10ms,jfrsync=profile,cstack=no,file=C:\Users\86138\IdeaSnapshots\projet_individuelWand_2023_03_31_142226.jfr,log=C:\Users\86138\AppData\Local\Temp\projet_individuelWand_2023_03_31_142226.jfr.log.txt,logLevel=DEBUG -Dfile.encoding=UTF-8 
java_command: com.intellij.rt.junit.JUnitStarter -ideVersion5 -junit5 @w@C:\Users\86138\AppData\Local\Temp\idea_working_dirs_junit.tmp @C:\Users\86138\AppData\Local\Temp\idea_junit.tmp -socket35145
java_class_path (initial): C:\Users\86138\.m2\repository\org\junit\platform\junit-platform-launcher\1.9.2\junit-platform-launcher-1.9.2.jar;C:\Users\86138\.m2\repository\org\junit\vintage\junit-vintage-engine\5.9.2\junit-vintage-engine-5.9.2.jar;C:\Program Files\JetBrains\IntelliJ IDEA 2023.1\lib\idea_rt.jar;C:\Program Files\JetBrains\IntelliJ IDEA 2023.1\plugins\junit\lib\junit5-rt.jar;C:\Program Files\JetBrains\IntelliJ IDEA 2023.1\plugins\junit\lib\junit-rt.jar;C:\Users\86138\IdeaProjects\projet-individuel\target\test-classes;C:\Users\86138\IdeaProjects\projet-individuel\target\classes;C:\Users\86138\.m2\repository\junit\junit\4.13.2\junit-4.13.2.jar;C:\Users\86138\.m2\repository\org\hamcrest\hamcrest-core\1.3\hamcrest-core-1.3.jar;C:\Users\86138\.m2\repository\org\junit\jupiter\junit-jupiter\5.9.2\junit-jupiter-5.9.2.jar;C:\Users\86138\.m2\repository\org\junit\jupiter\junit-jupiter-api\5.9.2\junit-jupiter-api-5.9.2.jar;C:\Users\86138\.m2\repository\org\opentest4j\opentest4j\1.2.0\opentest4j-1.2.0.jar;C:\Users\86138\.m2\repository\org\junit\platform\junit-platform-commons\1.9.2\junit-platform-commons-1.9.2.jar;C:\Users\86138\.m2\repository\org\apiguardian\apiguardian-api\1.1.2\apiguardian-api-1.1.2.jar;C:\Users\86138\.m2\repository\org\junit\jupiter\junit-jupiter-params\5.9.2\junit-jupiter-params-5.9.2.jar;C:\Users\86138\.m2\repository\org\junit\jupiter\junit-jupiter-engine\5.9.2\junit-jupiter-engine-5.9.2.jar;C:\Users\86138\.m2\repository\org\junit\platform\junit-platform-engine\1.9.2\junit-platform-engine-1.9.2.jar;C:\Users\86138\.m2\repository\org\projectlombok\lombok\1.18.26\lombok-1.18.26.jar
Launcher Type: SUN_STANDARD

Logging:
Log output configuration:
#0: stdout all=warning uptime,level,tags
#1: stderr all=off uptime,level,tags

Environment Variables:
PATH=C:\Python311\Scripts\;C:\Python311\;C:\Program Files (x86)\NVIDIA Corporation\PhysX\Common;C:\ProgramData\Oracle\Java\javapath;C:\Program Files (x86)\Common Files\Intel\Shared Libraries\redist\intel64\compiler;C:\Program Files (x86)\Intel\Intel(R) Management Engine Components\iCLS\;C:\Program Files\Intel\Intel(R) Management Engine Components\iCLS\;C:\windows\system32;C:\windows;C:\windows\System32\Wbem;C:\windows\System32\WindowsPowerShell\v1.0\;C:\windows\System32\OpenSSH\;C:\Program Files (x86)\Intel\Intel(R) Management Engine Components\DAL;C:\Program Files\Intel\Intel(R) Management Engine Components\DAL;C:\Program Files (x86)\Intel\Intel(R) Management Engine Components\IPT;C:\Program Files\Intel\Intel(R) Management Engine Components\IPT;c:\Program Files (x86)\Microsoft SQL Server\100\Tools\Binn\;c:\Program Files\Microsoft SQL Server\100\Tools\Binn\;c:\Program Files\Microsoft SQL Server\100\DTS\Binn\;C:\Program Files\Microsoft SQL Server\Client SDK\ODBC\110\Tools\Binn\;C:\Program Files (x86)\Microsoft SQL Server\120\Tools\Binn\;C:\Program Files\Microsoft SQL Server\120\Tools\Binn\;C:\Program Files\Microsoft SQL Server\120\DTS\Binn\;C:\Program Files (x86)\Windows Kits\8.1\Windows Performance Toolkit\;C:\Program Files\Intel\WiFi\bin\;C:\Program Files\Common Files\Intel\WirelessCommon\;C:\Program Files\MATLAB\R2023a\bin;C:\Program Files\Polyspace\R2019b\runtime\win64;C:\Program Files\Polyspace\R2019b\bin;C:\Program Files\Polyspace\R2019b\polyspace\bin;C:\Program Files (x86)\dotnet\;C:\Program Files\nodejs\;C:\ProgramData\chocolatey\bin;C:\ProgramData\Microsoft\Windows\Start Menu\Programs\MySQL\MySQL Server 8.0;C:\Program Files\dotnet\;C:\VScode-C\mingw64\bin;C:\Program Files\MySQL\MySQL Shell 8.0\bin\;C:\Users\86138\AppData\Local\Programs\Python\Python39\Scripts\;C:\Users\86138\AppData\Local\Programs\Python\Python39\;C:\Python\Scripts\;C:\Python\;"C:\Users\86138\AppData\Local\Microsoft\WindowsApps;C:\Users\86138\AppData\Roaming\Microsoft\Windows\Start Menu\Program
USERNAME=86138
OS=Windows_NT
PROCESSOR_IDENTIFIER=Intel64 Family 6 Model 158 Stepping 10, GenuineIntel



---------------  S Y S T E M  ---------------

OS: Windows 10 , 64 bit Build 19041 (10.0.19041.2546)

CPU:total 12 (initial active 12) (6 cores per cpu, 2 threads per core) family 6 model 158 stepping 10, cmov, cx8, fxsr, mmx, sse, sse2, sse3, ssse3, sse4.1, sse4.2, popcnt, avx, avx2, aes, clmul, erms, rtm, 3dnowpref, lzcnt, ht, tsc, tscinvbit, bmi1, bmi2, adx, fma

Memory: 4k page, physical 33058792k(12976588k free), swap 52981736k(16523308k free)

vm_info: Java HotSpot(TM) 64-Bit Server VM (9.0.1+11) for windows-amd64 JRE (9.0.1+11), built on Sep 28 2017 04:54:03 by "mach5one" with MS VC++ 12.0 (VS2013)

END.
